<?xml version="1.0" encoding="UTF-8"?>
<!-- Generated by org.testng.reporters.JUnitXMLReporter -->
<testsuite ignored="0" hostname="Shrutis-MacBook-Pro.local" failures="33" tests="46" name="Default test" time="40.751" errors="0" timestamp="2024-04-01T16:22:59 CDT">
  <testcase classname="io.cucumber.testng.AbstractTestNGCucumberTests" name="runScenario" time="0.176">
    <failure type="io.cucumber.testng.UndefinedStepException" message="The step &amp;apos;Admin creates GET Request for retriving all active admin&amp;apos; and 1 other step(s) are undefined.
You can implement these steps using the snippet(s) below:

@Given(&amp;quot;Admin creates GET Request for retriving all active admin&amp;quot;)
public void admin_creates_get_request_for_retriving_all_active_admin() {
    // Write code here that turns the phrase above into concrete actions
    throw new io.cucumber.java.PendingException();
}
@When(&amp;quot;Admin sends HTTPS Request with all active admin endpoint&amp;quot;)
public void admin_sends_https_request_with_all_active_admin_endpoint() {
    // Write code here that turns the phrase above into concrete actions
    throw new io.cucumber.java.PendingException();
}
">
      <![CDATA[io.cucumber.testng.UndefinedStepException: The step 'Admin creates GET Request for retriving all active admin' and 1 other step(s) are undefined.
You can implement these steps using the snippet(s) below:

@Given("Admin creates GET Request for retriving all active admin")
public void admin_creates_get_request_for_retriving_all_active_admin() {
    // Write code here that turns the phrase above into concrete actions
    throw new io.cucumber.java.PendingException();
}
@When("Admin sends HTTPS Request with all active admin endpoint")
public void admin_sends_https_request_with_all_active_admin_endpoint() {
    // Write code here that turns the phrase above into concrete actions
    throw new io.cucumber.java.PendingException();
}

at io.cucumber.core.runtime.TestCaseResultObserver.assertTestCasePassed(TestCaseResultObserver.java:69)
at io.cucumber.testng.TestCaseResultObserver.assertTestCasePassed(TestCaseResultObserver.java:23)
at io.cucumber.testng.TestNGCucumberRunner.lambda$runScenario$1(TestNGCucumberRunner.java:133)
at io.cucumber.core.runtime.CucumberExecutionContext.lambda$runTestCase$5(CucumberExecutionContext.java:136)
at io.cucumber.core.runtime.RethrowingThrowableCollector.executeAndThrow(RethrowingThrowableCollector.java:23)
at io.cucumber.core.runtime.CucumberExecutionContext.runTestCase(CucumberExecutionContext.java:136)
at io.cucumber.testng.TestNGCucumberRunner.runScenario(TestNGCucumberRunner.java:129)
at io.cucumber.testng.AbstractTestNGCucumberTests.runScenario(AbstractTestNGCucumberTests.java:35)
at java.base/jdk.internal.reflect.DirectMethodHandleAccessor.invoke(DirectMethodHandleAccessor.java:103)
at java.base/java.lang.reflect.Method.invoke(Method.java:580)
at org.testng.internal.invokers.MethodInvocationHelper.invokeMethod(MethodInvocationHelper.java:139)
at org.testng.internal.invokers.TestInvoker.invokeMethod(TestInvoker.java:664)
at org.testng.internal.invokers.TestInvoker.invokeTestMethod(TestInvoker.java:228)
at org.testng.internal.invokers.MethodRunner.runInSequence(MethodRunner.java:63)
at org.testng.internal.invokers.TestInvoker$MethodInvocationAgent.invoke(TestInvoker.java:961)
at org.testng.internal.invokers.TestInvoker.invokeTestMethods(TestInvoker.java:201)
at org.testng.internal.invokers.TestMethodWorker.invokeTestMethods(TestMethodWorker.java:148)
at org.testng.internal.invokers.TestMethodWorker.run(TestMethodWorker.java:128)
at java.base/java.util.ArrayList.forEach(ArrayList.java:1596)
at org.testng.TestRunner.privateRun(TestRunner.java:819)
at org.testng.TestRunner.run(TestRunner.java:619)
at org.testng.SuiteRunner.runTest(SuiteRunner.java:443)
at org.testng.SuiteRunner.runSequentially(SuiteRunner.java:437)
at org.testng.SuiteRunner.privateRun(SuiteRunner.java:397)
at org.testng.SuiteRunner.run(SuiteRunner.java:336)
at org.testng.SuiteRunnerWorker.runSuite(SuiteRunnerWorker.java:52)
at org.testng.SuiteRunnerWorker.run(SuiteRunnerWorker.java:95)
at org.testng.TestNG.runSuitesSequentially(TestNG.java:1301)
at org.testng.TestNG.runSuitesLocally(TestNG.java:1228)
at org.testng.TestNG.runSuites(TestNG.java:1134)
at org.testng.TestNG.run(TestNG.java:1101)
at org.testng.remote.AbstractRemoteTestNG.run(AbstractRemoteTestNG.java:115)
at org.testng.remote.RemoteTestNG.initAndRun(RemoteTestNG.java:251)
at org.testng.remote.RemoteTestNG.main(RemoteTestNG.java:77)
]]>
    </failure>
  </testcase> <!-- runScenario -->
  <testcase classname="io.cucumber.testng.AbstractTestNGCucumberTests" name="runScenario" time="0.046">
    <failure type="io.cucumber.testng.UndefinedStepException" message="The step &amp;apos;Admin creates GET Request with valid role ID&amp;apos; is undefined.
You can implement this step using the snippet(s) below:

@Given(&amp;quot;Admin creates GET Request with valid role ID&amp;quot;)
public void admin_creates_get_request_with_valid_role_id() {
    // Write code here that turns the phrase above into concrete actions
    throw new io.cucumber.java.PendingException();
}
">
      <![CDATA[io.cucumber.testng.UndefinedStepException: The step 'Admin creates GET Request with valid role ID' is undefined.
You can implement this step using the snippet(s) below:

@Given("Admin creates GET Request with valid role ID")
public void admin_creates_get_request_with_valid_role_id() {
    // Write code here that turns the phrase above into concrete actions
    throw new io.cucumber.java.PendingException();
}

at io.cucumber.core.runtime.TestCaseResultObserver.assertTestCasePassed(TestCaseResultObserver.java:69)
at io.cucumber.testng.TestCaseResultObserver.assertTestCasePassed(TestCaseResultObserver.java:23)
at io.cucumber.testng.TestNGCucumberRunner.lambda$runScenario$1(TestNGCucumberRunner.java:133)
at io.cucumber.core.runtime.CucumberExecutionContext.lambda$runTestCase$5(CucumberExecutionContext.java:136)
at io.cucumber.core.runtime.RethrowingThrowableCollector.executeAndThrow(RethrowingThrowableCollector.java:23)
at io.cucumber.core.runtime.CucumberExecutionContext.runTestCase(CucumberExecutionContext.java:136)
at io.cucumber.testng.TestNGCucumberRunner.runScenario(TestNGCucumberRunner.java:129)
at io.cucumber.testng.AbstractTestNGCucumberTests.runScenario(AbstractTestNGCucumberTests.java:35)
at java.base/jdk.internal.reflect.DirectMethodHandleAccessor.invoke(DirectMethodHandleAccessor.java:103)
at java.base/java.lang.reflect.Method.invoke(Method.java:580)
at org.testng.internal.invokers.MethodInvocationHelper.invokeMethod(MethodInvocationHelper.java:139)
at org.testng.internal.invokers.TestInvoker.invokeMethod(TestInvoker.java:664)
at org.testng.internal.invokers.TestInvoker.invokeTestMethod(TestInvoker.java:228)
at org.testng.internal.invokers.MethodRunner.runInSequence(MethodRunner.java:63)
at org.testng.internal.invokers.TestInvoker$MethodInvocationAgent.invoke(TestInvoker.java:961)
at org.testng.internal.invokers.TestInvoker.invokeTestMethods(TestInvoker.java:201)
at org.testng.internal.invokers.TestMethodWorker.invokeTestMethods(TestMethodWorker.java:148)
at org.testng.internal.invokers.TestMethodWorker.run(TestMethodWorker.java:128)
at java.base/java.util.ArrayList.forEach(ArrayList.java:1596)
at org.testng.TestRunner.privateRun(TestRunner.java:819)
at org.testng.TestRunner.run(TestRunner.java:619)
at org.testng.SuiteRunner.runTest(SuiteRunner.java:443)
at org.testng.SuiteRunner.runSequentially(SuiteRunner.java:437)
at org.testng.SuiteRunner.privateRun(SuiteRunner.java:397)
at org.testng.SuiteRunner.run(SuiteRunner.java:336)
at org.testng.SuiteRunnerWorker.runSuite(SuiteRunnerWorker.java:52)
at org.testng.SuiteRunnerWorker.run(SuiteRunnerWorker.java:95)
at org.testng.TestNG.runSuitesSequentially(TestNG.java:1301)
at org.testng.TestNG.runSuitesLocally(TestNG.java:1228)
at org.testng.TestNG.runSuites(TestNG.java:1134)
at org.testng.TestNG.run(TestNG.java:1101)
at org.testng.remote.AbstractRemoteTestNG.run(AbstractRemoteTestNG.java:115)
at org.testng.remote.RemoteTestNG.initAndRun(RemoteTestNG.java:251)
at org.testng.remote.RemoteTestNG.main(RemoteTestNG.java:77)
]]>
    </failure>
  </testcase> <!-- runScenario -->
  <testcase classname="io.cucumber.testng.AbstractTestNGCucumberTests" name="runScenario" time="3.665">
    <failure type="java.io.FileNotFoundException" message="./src/test/resources/TestData/UpdateUser.xlsx/CreateNewUser">
      <![CDATA[java.io.FileNotFoundException: ./src/test/resources/TestData/UpdateUser.xlsx/CreateNewUser
at org.apache.poi.ss.usermodel.WorkbookFactory.create(WorkbookFactory.java:302)
at org.apache.poi.ss.usermodel.WorkbookFactory.create(WorkbookFactory.java:277)
at org.apache.poi.ss.usermodel.WorkbookFactory.create(WorkbookFactory.java:255)
at stepdefinition.ExcelReader_Rest.getData(ExcelReader_Rest.java:21)
at payload.UserModulePayload.UserModulePostRequestBody(UserModulePayload.java:22)
at stepdefinition.UserModuleShruti.admin_sends_https_request_with_endpoint(UserModuleShruti.java:62)
at ✽.Admin sends HTTPS Request with endpoint(file:///Users/shruti/eclipse-workspace/Team1_APIPros_LMSAPI_RestAssured/src/test/resources/featurefiles/PositiveUserModule.feature:24)
]]>
    </failure>
  </testcase> <!-- runScenario -->
  <testcase classname="io.cucumber.testng.AbstractTestNGCucumberTests" name="runScenario" time="0.097">
    <failure type="java.lang.IllegalArgumentException" message="body cannot be null">
      <![CDATA[java.lang.IllegalArgumentException: body cannot be null
at java.base/jdk.internal.reflect.DirectConstructorHandleAccessor.newInstance(DirectConstructorHandleAccessor.java:62)
at java.base/java.lang.reflect.Constructor.newInstanceWithCaller(Constructor.java:502)
at java.base/java.lang.reflect.Constructor.newInstance(Constructor.java:486)
at org.codehaus.groovy.reflection.CachedConstructor.invoke(CachedConstructor.java:73)
at org.codehaus.groovy.reflection.CachedConstructor.doConstructorInvoke(CachedConstructor.java:60)
at org.codehaus.groovy.runtime.callsite.ConstructorSite$ConstructorSiteNoUnwrap.callConstructor(ConstructorSite.java:86)
at org.codehaus.groovy.runtime.callsite.CallSiteArray.defaultCallConstructor(CallSiteArray.java:57)
at org.codehaus.groovy.runtime.callsite.AbstractCallSite.callConstructor(AbstractCallSite.java:263)
at org.codehaus.groovy.runtime.callsite.AbstractCallSite.callConstructor(AbstractCallSite.java:277)
at io.restassured.internal.common.assertion.AssertParameter.notNull(AssertParameter.groovy:26)
at io.restassured.internal.common.assertion.AssertParameter$notNull.callStatic(Unknown Source)
at org.codehaus.groovy.runtime.callsite.CallSiteArray.defaultCallStatic(CallSiteArray.java:53)
at io.restassured.internal.common.assertion.AssertParameter$notNull.callStatic(Unknown Source)
at io.restassured.internal.RequestSpecificationImpl.body(RequestSpecificationImpl.groovy:698)
at stepdefinition.UserModuleShruti.the_admin_creates_put_request_with_valid_request_body(UserModuleShruti.java:188)
at ✽.The Admin creates PUT Request with valid request body(file:///Users/shruti/eclipse-workspace/Team1_APIPros_LMSAPI_RestAssured/src/test/resources/featurefiles/PositiveUserModule.feature:29)
]]>
    </failure>
  </testcase> <!-- runScenario -->
  <testcase classname="io.cucumber.testng.AbstractTestNGCucumberTests" name="runScenario" time="0.078">
    <failure type="java.lang.NullPointerException" message="Cannot invoke &amp;quot;io.restassured.specification.RequestSpecification.when()&amp;quot; because &amp;quot;stepdefinition.UserModuleShruti.putreqspec&amp;quot; is null">
      <![CDATA[java.lang.NullPointerException: Cannot invoke "io.restassured.specification.RequestSpecification.when()" because "stepdefinition.UserModuleShruti.putreqspec" is null
at stepdefinition.UserModuleShruti.admin_sends_https_request_with_prgmbatchstatus_endpoint(UserModuleShruti.java:212)
at ✽.Admin sends HTTPS Request with Prgmbatchstatus endpoint(file:///Users/shruti/eclipse-workspace/Team1_APIPros_LMSAPI_RestAssured/src/test/resources/featurefiles/PositiveUserModule.feature:36)
]]>
    </failure>
  </testcase> <!-- runScenario -->
  <testcase classname="io.cucumber.testng.AbstractTestNGCucumberTests" name="runScenario" time="1.262">
    <failure type="java.lang.NullPointerException" message="Cannot invoke &amp;quot;io.restassured.response.Response.getBody()&amp;quot; because &amp;quot;this.response&amp;quot; is null">
      <![CDATA[java.lang.NullPointerException: Cannot invoke "io.restassured.response.Response.getBody()" because "this.response" is null
at stepdefinition.UserModuleShruti.admin_receives_created_status_with_response_body(UserModuleShruti.java:67)
at ✽.Admin receives 201 Created Status with response body.(file:///Users/shruti/eclipse-workspace/Team1_APIPros_LMSAPI_RestAssured/src/test/resources/featurefiles/ProgMod_Positive.feature:7)
]]>
    </failure>
  </testcase> <!-- runScenario -->
  <testcase classname="io.cucumber.testng.AbstractTestNGCucumberTests" name="runScenario" time="0.48"/>
  <testcase classname="io.cucumber.testng.AbstractTestNGCucumberTests" name="runScenario" time="0.333">
    <failure type="java.lang.NullPointerException" message="Cannot invoke &amp;quot;io.restassured.response.Response.statusCode()&amp;quot; because &amp;quot;this.response&amp;quot; is null">
      <![CDATA[java.lang.NullPointerException: Cannot invoke "io.restassured.response.Response.statusCode()" because "this.response" is null
at stepdefinition.UserModuleShruti.admin_receives_ok_status_with_response_body(UserModuleShruti.java:105)
at ✽.Admin receives 200 OK Status with response body.(file:///Users/shruti/eclipse-workspace/Team1_APIPros_LMSAPI_RestAssured/src/test/resources/featurefiles/ProgMod_Positive.feature:17)
]]>
    </failure>
  </testcase> <!-- runScenario -->
  <testcase classname="io.cucumber.testng.AbstractTestNGCucumberTests" name="runScenario" time="0.281">
    <failure type="java.lang.NullPointerException" message="Cannot invoke &amp;quot;io.restassured.response.Response.statusCode()&amp;quot; because &amp;quot;this.response&amp;quot; is null">
      <![CDATA[java.lang.NullPointerException: Cannot invoke "io.restassured.response.Response.statusCode()" because "this.response" is null
at stepdefinition.UserModuleShruti.admin_receives_ok_status_with_response_body(UserModuleShruti.java:105)
at ✽.Admin receives 200 OK Status with response body.(file:///Users/shruti/eclipse-workspace/Team1_APIPros_LMSAPI_RestAssured/src/test/resources/featurefiles/ProgMod_Positive.feature:22)
]]>
    </failure>
  </testcase> <!-- runScenario -->
  <testcase classname="io.cucumber.testng.AbstractTestNGCucumberTests" name="runScenario" time="0.434">
    <failure type="java.lang.NullPointerException" message="Cannot invoke &amp;quot;io.restassured.response.Response.statusCode()&amp;quot; because &amp;quot;this.response&amp;quot; is null">
      <![CDATA[java.lang.NullPointerException: Cannot invoke "io.restassured.response.Response.statusCode()" because "this.response" is null
at stepdefinition.UserModuleShruti.admin_receives_ok_status_with_response_body(UserModuleShruti.java:105)
at ✽.Admin receives 200 OK Status with response body.(file:///Users/shruti/eclipse-workspace/Team1_APIPros_LMSAPI_RestAssured/src/test/resources/featurefiles/ProgMod_Positive.feature:27)
]]>
    </failure>
  </testcase> <!-- runScenario -->
  <testcase classname="io.cucumber.testng.AbstractTestNGCucumberTests" name="runScenario" time="0.965">
    <failure type="java.lang.AssertionError" message="expected [200] but found [400]">
      <![CDATA[java.lang.AssertionError: expected [200] but found [400]
at org.testng.Assert.fail(Assert.java:111)
at org.testng.Assert.failNotEquals(Assert.java:1578)
at org.testng.Assert.assertEqualsImpl(Assert.java:150)
at org.testng.Assert.assertEquals(Assert.java:132)
at org.testng.Assert.assertEquals(Assert.java:1419)
at org.testng.Assert.assertEquals(Assert.java:1383)
at org.testng.Assert.assertEquals(Assert.java:1429)
at stepdefinition.ProgMod_Positive.admin_receives_ok_status_with_updated_value_in_response_body(ProgMod_Positive.java:70)
at ✽.Admin receives 200 OK Status with updated value in response body.(file:///Users/shruti/eclipse-workspace/Team1_APIPros_LMSAPI_RestAssured/src/test/resources/featurefiles/ProgMod_Positive.feature:32)
]]>
    </failure>
  </testcase> <!-- runScenario -->
  <testcase classname="io.cucumber.testng.AbstractTestNGCucumberTests" name="runScenario" time="0.795">
    <failure type="java.lang.AssertionError" message="expected [200] but found [400]">
      <![CDATA[java.lang.AssertionError: expected [200] but found [400]
at org.testng.Assert.fail(Assert.java:111)
at org.testng.Assert.failNotEquals(Assert.java:1578)
at org.testng.Assert.assertEqualsImpl(Assert.java:150)
at org.testng.Assert.assertEquals(Assert.java:132)
at org.testng.Assert.assertEquals(Assert.java:1419)
at org.testng.Assert.assertEquals(Assert.java:1383)
at org.testng.Assert.assertEquals(Assert.java:1429)
at stepdefinition.ProgMod_Positive.admin_receives_ok_status_with_updated_value_in_response_body(ProgMod_Positive.java:70)
at ✽.Admin receives 200 OK Status with updated value in response body.(file:///Users/shruti/eclipse-workspace/Team1_APIPros_LMSAPI_RestAssured/src/test/resources/featurefiles/ProgMod_Positive.feature:37)
]]>
    </failure>
  </testcase> <!-- runScenario -->
  <testcase classname="io.cucumber.testng.AbstractTestNGCucumberTests" name="runScenario" time="0.797">
    <failure type="java.lang.AssertionError" message="expected [200] but found [400]">
      <![CDATA[java.lang.AssertionError: expected [200] but found [400]
at org.testng.Assert.fail(Assert.java:111)
at org.testng.Assert.failNotEquals(Assert.java:1578)
at org.testng.Assert.assertEqualsImpl(Assert.java:150)
at org.testng.Assert.assertEquals(Assert.java:132)
at org.testng.Assert.assertEquals(Assert.java:1419)
at org.testng.Assert.assertEquals(Assert.java:1383)
at org.testng.Assert.assertEquals(Assert.java:1429)
at stepdefinition.ProgMod_Positive.admin_receives_ok_status_with_updated_value_in_response_body(ProgMod_Positive.java:70)
at ✽.Admin receives 200 OK Status with updated value in response body.(file:///Users/shruti/eclipse-workspace/Team1_APIPros_LMSAPI_RestAssured/src/test/resources/featurefiles/ProgMod_Positive.feature:42)
]]>
    </failure>
  </testcase> <!-- runScenario -->
  <testcase classname="io.cucumber.testng.AbstractTestNGCucumberTests" name="runScenario" time="0.711">
    <failure type="java.lang.NullPointerException" message="Cannot invoke &amp;quot;io.restassured.response.Response.getBody()&amp;quot; because &amp;quot;stepdefinition.UserModuleShruti.responseput&amp;quot; is null">
      <![CDATA[java.lang.NullPointerException: Cannot invoke "io.restassured.response.Response.getBody()" because "stepdefinition.UserModuleShruti.responseput" is null
at stepdefinition.UserModuleShruti.admin_receives_ok_status_with_message(UserModuleShruti.java:157)
at ✽.Admin receives 200 Ok status with message(file:///Users/shruti/eclipse-workspace/Team1_APIPros_LMSAPI_RestAssured/src/test/resources/featurefiles/ProgMod_Positive.feature:47)
]]>
    </failure>
  </testcase> <!-- runScenario -->
  <testcase classname="io.cucumber.testng.AbstractTestNGCucumberTests" name="runScenario" time="0.74">
    <failure type="java.lang.NullPointerException" message="Cannot invoke &amp;quot;io.restassured.response.Response.getBody()&amp;quot; because &amp;quot;stepdefinition.UserModuleShruti.responseput&amp;quot; is null">
      <![CDATA[java.lang.NullPointerException: Cannot invoke "io.restassured.response.Response.getBody()" because "stepdefinition.UserModuleShruti.responseput" is null
at stepdefinition.UserModuleShruti.admin_receives_ok_status_with_message(UserModuleShruti.java:157)
at ✽.Admin receives 200 Ok status with message(file:///Users/shruti/eclipse-workspace/Team1_APIPros_LMSAPI_RestAssured/src/test/resources/featurefiles/ProgMod_Positive.feature:52)
]]>
    </failure>
  </testcase> <!-- runScenario -->
  <testcase classname="io.cucumber.testng.AbstractTestNGCucumberTests" name="runScenario" time="0.82">
    <failure type="java.lang.NullPointerException" message="Cannot invoke &amp;quot;io.restassured.response.Response.getBody()&amp;quot; because &amp;quot;this.response&amp;quot; is null">
      <![CDATA[java.lang.NullPointerException: Cannot invoke "io.restassured.response.Response.getBody()" because "this.response" is null
at stepdefinition.UserModuleShruti.admin_receives_created_status_with_response_body(UserModuleShruti.java:67)
at ✽.Admin receives 201 Created Status with response body.(file:///Users/shruti/eclipse-workspace/Team1_APIPros_LMSAPI_RestAssured/src/test/resources/featurefiles/ProgramBatchModule.feature:7)
]]>
    </failure>
  </testcase> <!-- runScenario -->
  <testcase classname="io.cucumber.testng.AbstractTestNGCucumberTests" name="runScenario" time="0.462"/>
  <testcase classname="io.cucumber.testng.AbstractTestNGCucumberTests" name="runScenario" time="0.013">
    <failure type="java.lang.NullPointerException" message="Cannot invoke &amp;quot;io.restassured.response.Response.statusCode()&amp;quot; because &amp;quot;this.response&amp;quot; is null">
      <![CDATA[java.lang.NullPointerException: Cannot invoke "io.restassured.response.Response.statusCode()" because "this.response" is null
at stepdefinition.UserModuleShruti.admin_receives_ok_status_with_response_body(UserModuleShruti.java:105)
at ✽.Admin receives 200 OK Status with response body.(file:///Users/shruti/eclipse-workspace/Team1_APIPros_LMSAPI_RestAssured/src/test/resources/featurefiles/ProgramBatchModule.feature:17)
]]>
    </failure>
  </testcase> <!-- runScenario -->
  <testcase classname="io.cucumber.testng.AbstractTestNGCucumberTests" name="runScenario" time="0.023">
    <failure type="java.lang.NullPointerException" message="Cannot invoke &amp;quot;io.restassured.response.Response.statusCode()&amp;quot; because &amp;quot;this.response&amp;quot; is null">
      <![CDATA[java.lang.NullPointerException: Cannot invoke "io.restassured.response.Response.statusCode()" because "this.response" is null
at stepdefinition.UserModuleShruti.admin_receives_ok_status_with_response_body(UserModuleShruti.java:105)
at ✽.Admin receives 200 OK Status with response body.(file:///Users/shruti/eclipse-workspace/Team1_APIPros_LMSAPI_RestAssured/src/test/resources/featurefiles/ProgramBatchModule.feature:22)
]]>
    </failure>
  </testcase> <!-- runScenario -->
  <testcase classname="io.cucumber.testng.AbstractTestNGCucumberTests" name="runScenario" time="0.03">
    <failure type="java.lang.NullPointerException" message="Cannot invoke &amp;quot;io.restassured.response.Response.statusCode()&amp;quot; because &amp;quot;this.response&amp;quot; is null">
      <![CDATA[java.lang.NullPointerException: Cannot invoke "io.restassured.response.Response.statusCode()" because "this.response" is null
at stepdefinition.UserModuleShruti.admin_receives_ok_status_with_response_body(UserModuleShruti.java:105)
at ✽.Admin receives 200 OK Status with response body.(file:///Users/shruti/eclipse-workspace/Team1_APIPros_LMSAPI_RestAssured/src/test/resources/featurefiles/ProgramBatchModule.feature:27)
]]>
    </failure>
  </testcase> <!-- runScenario -->
  <testcase classname="io.cucumber.testng.AbstractTestNGCucumberTests" name="runScenario" time="0.026">
    <failure type="java.lang.NullPointerException" message="Cannot invoke &amp;quot;io.restassured.response.Response.statusCode()&amp;quot; because &amp;quot;this.response&amp;quot; is null">
      <![CDATA[java.lang.NullPointerException: Cannot invoke "io.restassured.response.Response.statusCode()" because "this.response" is null
at stepdefinition.UserModuleShruti.admin_receives_ok_status_with_response_body(UserModuleShruti.java:105)
at ✽.Admin receives 200 OK Status with response body.(file:///Users/shruti/eclipse-workspace/Team1_APIPros_LMSAPI_RestAssured/src/test/resources/featurefiles/ProgramBatchModule.feature:32)
]]>
    </failure>
  </testcase> <!-- runScenario -->
  <testcase classname="io.cucumber.testng.AbstractTestNGCucumberTests" name="runScenario" time="0.027">
    <failure type="java.lang.NullPointerException" message="Cannot invoke &amp;quot;io.restassured.response.Response.statusCode()&amp;quot; because &amp;quot;this.response&amp;quot; is null">
      <![CDATA[java.lang.NullPointerException: Cannot invoke "io.restassured.response.Response.statusCode()" because "this.response" is null
at stepdefinition.UserModuleShruti.admin_receives_ok_status_with_response_body(UserModuleShruti.java:105)
at ✽.Admin receives 200 OK Status with response body.(file:///Users/shruti/eclipse-workspace/Team1_APIPros_LMSAPI_RestAssured/src/test/resources/featurefiles/ProgramBatchModule.feature:37)
]]>
    </failure>
  </testcase> <!-- runScenario -->
  <testcase classname="io.cucumber.testng.AbstractTestNGCucumberTests" name="runScenario" time="0.02">
    <failure type="io.cucumber.java.PendingException" message="TODO: implement me">
      <![CDATA[io.cucumber.java.PendingException: TODO: implement me
at stepdefinition.ProgramBatchModule.admin_creates_delete_request_for_the_lms_api(ProgramBatchModule.java:56)
at ✽.Admin creates DELETE Request for the LMS API(file:///Users/shruti/eclipse-workspace/Team1_APIPros_LMSAPI_RestAssured/src/test/resources/featurefiles/ProgramBatchModule.feature:40)
]]>
    </failure>
  </testcase> <!-- runScenario -->
  <testcase classname="io.cucumber.testng.AbstractTestNGCucumberTests" name="runScenario" time="0.014">
    <failure type="java.lang.NullPointerException" message="Cannot invoke &amp;quot;io.restassured.response.Response.statusCode()&amp;quot; because &amp;quot;this.response&amp;quot; is null">
      <![CDATA[java.lang.NullPointerException: Cannot invoke "io.restassured.response.Response.statusCode()" because "this.response" is null
at stepdefinition.UserModuleShruti.admin_receives_ok_status_with_response_body(UserModuleShruti.java:105)
at ✽.Admin receives 200 OK Status with response body.(file:///Users/shruti/eclipse-workspace/Team1_APIPros_LMSAPI_RestAssured/src/test/resources/featurefiles/ProgramBatchModule.feature:47)
]]>
    </failure>
  </testcase> <!-- runScenario -->
  <testcase classname="io.cucumber.testng.AbstractTestNGCucumberTests" name="runScenario" time="0.047">
    <failure type="java.lang.NullPointerException" message="Cannot invoke &amp;quot;io.restassured.response.Response.statusCode()&amp;quot; because &amp;quot;this.response&amp;quot; is null">
      <![CDATA[java.lang.NullPointerException: Cannot invoke "io.restassured.response.Response.statusCode()" because "this.response" is null
at stepdefinition.UserModuleShruti.admin_receives_ok_status_with_response_body(UserModuleShruti.java:105)
at ✽.Admin receives 200 OK Status with response body.(file:///Users/shruti/eclipse-workspace/Team1_APIPros_LMSAPI_RestAssured/src/test/resources/featurefiles/ProgramBatchModule.feature:52)
]]>
    </failure>
  </testcase> <!-- runScenario -->
  <testcase classname="io.cucumber.testng.AbstractTestNGCucumberTests" name="runScenario" time="0.008">
    <failure type="java.lang.NullPointerException" message="Cannot invoke &amp;quot;io.restassured.response.Response.statusCode()&amp;quot; because &amp;quot;this.response&amp;quot; is null">
      <![CDATA[java.lang.NullPointerException: Cannot invoke "io.restassured.response.Response.statusCode()" because "this.response" is null
at stepdefinition.UserModuleShruti.admin_receives_ok_status_with_response_body(UserModuleShruti.java:105)
at ✽.Admin receives 200 OK Status with response body.(file:///Users/shruti/eclipse-workspace/Team1_APIPros_LMSAPI_RestAssured/src/test/resources/featurefiles/ProgramBatchModule.feature:57)
]]>
    </failure>
  </testcase> <!-- runScenario -->
  <testcase classname="io.cucumber.testng.AbstractTestNGCucumberTests" name="runScenario" time="0.411"/>
  <testcase classname="io.cucumber.testng.AbstractTestNGCucumberTests" name="runScenario" time="0.456">
    <failure type="java.io.FileNotFoundException" message="./src/test/resources/TestData/UpdateUser.xlsx/CreateNewUser">
      <![CDATA[java.io.FileNotFoundException: ./src/test/resources/TestData/UpdateUser.xlsx/CreateNewUser
at org.apache.poi.ss.usermodel.WorkbookFactory.create(WorkbookFactory.java:302)
at org.apache.poi.ss.usermodel.WorkbookFactory.create(WorkbookFactory.java:277)
at org.apache.poi.ss.usermodel.WorkbookFactory.create(WorkbookFactory.java:255)
at stepdefinition.ExcelReader_Rest.getData(ExcelReader_Rest.java:21)
at payload.UserModulePayload.UserModulePostRequestBody(UserModulePayload.java:22)
at stepdefinition.UserModuleShruti.admin_sends_https_request_with_endpoint(UserModuleShruti.java:62)
at ✽.Admin sends HTTPS Request with endpoint(file:///Users/shruti/eclipse-workspace/Team1_APIPros_LMSAPI_RestAssured/src/test/resources/featurefiles/UserModule-Shruti.feature:10)
]]>
    </failure>
  </testcase> <!-- runScenario -->
  <testcase classname="io.cucumber.testng.AbstractTestNGCucumberTests" name="runScenario" time="2.211"/>
  <testcase classname="io.cucumber.testng.AbstractTestNGCucumberTests" name="runScenario" time="2.158"/>
  <testcase classname="io.cucumber.testng.AbstractTestNGCucumberTests" name="runScenario" time="1.066"/>
  <testcase classname="io.cucumber.testng.AbstractTestNGCucumberTests" name="runScenario" time="1.131"/>
  <testcase classname="io.cucumber.testng.AbstractTestNGCucumberTests" name="runScenario" time="1.145"/>
  <testcase classname="io.cucumber.testng.AbstractTestNGCucumberTests" name="runScenario" time="1.412"/>
  <testcase classname="io.cucumber.testng.AbstractTestNGCucumberTests" name="runScenario" time="1.317">
    <failure type="java.lang.AssertionError" message="expected [200] but found [404]">
      <![CDATA[java.lang.AssertionError: expected [200] but found [404]
at org.testng.Assert.fail(Assert.java:111)
at org.testng.Assert.failNotEquals(Assert.java:1578)
at org.testng.Assert.assertEqualsImpl(Assert.java:150)
at org.testng.Assert.assertEquals(Assert.java:132)
at org.testng.Assert.assertEquals(Assert.java:1419)
at org.testng.Assert.assertEquals(Assert.java:1383)
at org.testng.Assert.assertEquals(Assert.java:1429)
at stepdefinition.UserModuleShruti.admin_receives_ok(UserModuleShruti.java:94)
at ✽.Admin receives 200 OK(file:///Users/shruti/eclipse-workspace/Team1_APIPros_LMSAPI_RestAssured/src/test/resources/featurefiles/UserModule-Shruti.feature:59)
]]>
    </failure>
  </testcase> <!-- runScenario -->
  <testcase classname="io.cucumber.testng.AbstractTestNGCucumberTests" name="runScenario" time="0.995"/>
  <testcase classname="io.cucumber.testng.AbstractTestNGCucumberTests" name="runScenario" time="1.755"/>
  <testcase classname="io.cucumber.testng.AbstractTestNGCucumberTests" name="runScenario" time="2.132"/>
  <testcase classname="io.cucumber.testng.AbstractTestNGCucumberTests" name="runScenario" time="0.39">
    <failure type="java.lang.NumberFormatException" message="For input string: &amp;quot;1112223334
&amp;quot;">
      <![CDATA[java.lang.NumberFormatException: For input string: "1112223334
"
at java.base/java.lang.NumberFormatException.forInputString(NumberFormatException.java:67)
at java.base/java.lang.Integer.parseInt(Integer.java:661)
at java.base/java.lang.Integer.parseInt(Integer.java:777)
at payload.UpdateUserPayload.admininfo(UpdateUserPayload.java:134)
at stepdefinition.UserModuleShruti.admin_creates_put_request_with_valid_data_in_request_body_to_update_user(UserModuleShruti.java:148)
at ✽.Admin creates PUT Request with valid data in request body to update user(file:///Users/shruti/eclipse-workspace/Team1_APIPros_LMSAPI_RestAssured/src/test/resources/featurefiles/UserModule-Shruti.feature:81)
]]>
    </failure>
  </testcase> <!-- runScenario -->
  <testcase classname="io.cucumber.testng.AbstractTestNGCucumberTests" name="runScenario" time="0.638"/>
  <testcase classname="io.cucumber.testng.AbstractTestNGCucumberTests" name="runScenario" time="0.371">
    <failure type="java.lang.NullPointerException" message="Cannot invoke &amp;quot;io.restassured.specification.RequestSpecification.when()&amp;quot; because &amp;quot;stepdefinition.UserModuleShruti.putreqspec&amp;quot; is null">
      <![CDATA[java.lang.NullPointerException: Cannot invoke "io.restassured.specification.RequestSpecification.when()" because "stepdefinition.UserModuleShruti.putreqspec" is null
at stepdefinition.UserModuleShruti.admin_sends_https_request_with_prgmbatchstatus_endpoint(UserModuleShruti.java:212)
at ✽.Admin sends HTTPS Request with Prgmbatchstatus endpoint(file:///Users/shruti/eclipse-workspace/Team1_APIPros_LMSAPI_RestAssured/src/test/resources/featurefiles/UserModule-Shruti.feature:94)
]]>
    </failure>
  </testcase> <!-- runScenario -->
  <testcase classname="io.cucumber.testng.AbstractTestNGCucumberTests" name="runScenario" time="0.405">
    <failure type="java.lang.IllegalArgumentException" message="body cannot be null">
      <![CDATA[java.lang.IllegalArgumentException: body cannot be null
at java.base/jdk.internal.reflect.DirectConstructorHandleAccessor.newInstance(DirectConstructorHandleAccessor.java:62)
at java.base/java.lang.reflect.Constructor.newInstanceWithCaller(Constructor.java:502)
at java.base/java.lang.reflect.Constructor.newInstance(Constructor.java:486)
at org.codehaus.groovy.reflection.CachedConstructor.invoke(CachedConstructor.java:73)
at org.codehaus.groovy.reflection.CachedConstructor.doConstructorInvoke(CachedConstructor.java:60)
at org.codehaus.groovy.runtime.callsite.ConstructorSite$ConstructorSiteNoUnwrap.callConstructor(ConstructorSite.java:86)
at org.codehaus.groovy.runtime.callsite.AbstractCallSite.callConstructor(AbstractCallSite.java:277)
at io.restassured.internal.common.assertion.AssertParameter.notNull(AssertParameter.groovy:26)
at io.restassured.internal.common.assertion.AssertParameter$notNull.callStatic(Unknown Source)
at org.codehaus.groovy.runtime.callsite.CallSiteArray.defaultCallStatic(CallSiteArray.java:53)
at io.restassured.internal.common.assertion.AssertParameter$notNull.callStatic(Unknown Source)
at io.restassured.internal.RequestSpecificationImpl.body(RequestSpecificationImpl.groovy:698)
at stepdefinition.UserModuleShruti.the_admin_creates_put_request_with_valid_request_body(UserModuleShruti.java:188)
at ✽.The Admin creates PUT Request with valid request body(file:///Users/shruti/eclipse-workspace/Team1_APIPros_LMSAPI_RestAssured/src/test/resources/featurefiles/UserModule-Shruti.feature:99)
]]>
    </failure>
  </testcase> <!-- runScenario -->
  <testcase classname="io.cucumber.testng.AbstractTestNGCucumberTests" name="runScenario" time="0.428">
    <failure type="java.lang.IllegalArgumentException" message="body cannot be null">
      <![CDATA[java.lang.IllegalArgumentException: body cannot be null
at java.base/jdk.internal.reflect.DirectConstructorHandleAccessor.newInstance(DirectConstructorHandleAccessor.java:62)
at java.base/java.lang.reflect.Constructor.newInstanceWithCaller(Constructor.java:502)
at java.base/java.lang.reflect.Constructor.newInstance(Constructor.java:486)
at org.codehaus.groovy.reflection.CachedConstructor.invoke(CachedConstructor.java:73)
at org.codehaus.groovy.reflection.CachedConstructor.doConstructorInvoke(CachedConstructor.java:60)
at org.codehaus.groovy.runtime.callsite.ConstructorSite$ConstructorSiteNoUnwrap.callConstructor(ConstructorSite.java:86)
at org.codehaus.groovy.runtime.callsite.AbstractCallSite.callConstructor(AbstractCallSite.java:277)
at io.restassured.internal.common.assertion.AssertParameter.notNull(AssertParameter.groovy:26)
at io.restassured.internal.common.assertion.AssertParameter$notNull.callStatic(Unknown Source)
at org.codehaus.groovy.runtime.callsite.CallSiteArray.defaultCallStatic(CallSiteArray.java:53)
at io.restassured.internal.common.assertion.AssertParameter$notNull.callStatic(Unknown Source)
at io.restassured.internal.RequestSpecificationImpl.body(RequestSpecificationImpl.groovy:698)
at payload.UserModuleUpdateUserLoginStatusPayload.UserModulePutRequestBody(UserModuleUpdateUserLoginStatusPayload.java:42)
at stepdefinition.UserModuleShruti.admin_sends_put_request_with_endpoint(UserModuleShruti.java:234)
at ✽.Admin sends PUT Request with endpoint(file:///Users/shruti/eclipse-workspace/Team1_APIPros_LMSAPI_RestAssured/src/test/resources/featurefiles/UserModule-Shruti.feature:106)
]]>
    </failure>
  </testcase> <!-- runScenario -->
  <testcase classname="io.cucumber.testng.AbstractTestNGCucumberTests" name="runScenario" time="0.388">
    <failure type="java.lang.NullPointerException" message="Cannot invoke &amp;quot;io.restassured.response.Response.statusCode()&amp;quot; because &amp;quot;this.response&amp;quot; is null">
      <![CDATA[java.lang.NullPointerException: Cannot invoke "io.restassured.response.Response.statusCode()" because "this.response" is null
at stepdefinition.UserModuleShruti.admin_receives_ok(UserModuleShruti.java:94)
at ✽.Admin receives 200 OK(file:///Users/shruti/eclipse-workspace/Team1_APIPros_LMSAPI_RestAssured/src/test/resources/featurefiles/UserRoleProgramBatchMapController.feature:10)
]]>
    </failure>
  </testcase> <!-- runScenario -->
  <testcase classname="io.cucumber.testng.AbstractTestNGCucumberTests" name="runScenario" time="0.405">
    <failure type="java.lang.NullPointerException" message="Cannot invoke &amp;quot;io.restassured.response.Response.statusCode()&amp;quot; because &amp;quot;this.response&amp;quot; is null">
      <![CDATA[java.lang.NullPointerException: Cannot invoke "io.restassured.response.Response.statusCode()" because "this.response" is null
at stepdefinition.UserModuleShruti.admin_receives_ok(UserModuleShruti.java:94)
at ✽.Admin receives 200 OK(file:///Users/shruti/eclipse-workspace/Team1_APIPros_LMSAPI_RestAssured/src/test/resources/featurefiles/UserRoleProgramBatchMapController.feature:17)
]]>
    </failure>
  </testcase> <!-- runScenario -->
  <testcase classname="io.cucumber.testng.AbstractTestNGCucumberTests" name="runScenario" time="0.009">
    <failure type="java.lang.NullPointerException" message="Cannot invoke &amp;quot;io.restassured.response.Response.statusCode()&amp;quot; because &amp;quot;this.response&amp;quot; is null">
      <![CDATA[java.lang.NullPointerException: Cannot invoke "io.restassured.response.Response.statusCode()" because "this.response" is null
at stepdefinition.UserModuleShruti.admin_receives_ok(UserModuleShruti.java:94)
at ✽.Admin receives 200 OK(file:///Users/shruti/eclipse-workspace/Team1_APIPros_LMSAPI_RestAssured/src/test/resources/featurefiles/UserRoleProgramBatchMapController.feature:24)
]]>
    </failure>
  </testcase> <!-- runScenario -->
</testsuite> <!-- Default test -->
