<?xml version="1.0" encoding="UTF-8"?>
<testng-results ignored="0" total="46" passed="13" failed="33" skipped="0">
  <reporter-output>
  </reporter-output>
  <suite started-at="2024-04-01T16:22:18 CDT" name="Default suite" finished-at="2024-04-01T16:22:58 CDT" duration-ms="40751">
    <groups>
      <group name="cucumber">
        <method signature="AbstractTestNGCucumberTests.runScenario(io.cucumber.testng.PickleWrapper,io.cucumber.testng.FeatureWrapper)[pri:0, instance:runner.TestRunner@5ffead27]" name="runScenario" class="io.cucumber.testng.AbstractTestNGCucumberTests"/>
      </group> <!-- cucumber -->
    </groups>
    <test started-at="2024-04-01T16:22:18 CDT" name="Default test" finished-at="2024-04-01T16:22:58 CDT" duration-ms="40751">
      <class name="runner.TestRunner">
        <test-method is-config="true" signature="setUpClass(org.testng.ITestContext)[pri:0, instance:runner.TestRunner@5ffead27]" started-at="2024-04-01T16:22:18 CDT" name="setUpClass" finished-at="2024-04-01T16:22:19 CDT" duration-ms="911" status="PASS">
          <params>
            <param index="0">
              <value>
                <![CDATA[org.testng.TestRunner@345d641e]]>
              </value>
            </param>
          </params>
          <reporter-output>
          </reporter-output>
        </test-method> <!-- setUpClass -->
        <test-method signature="runScenario(io.cucumber.testng.PickleWrapper,io.cucumber.testng.FeatureWrapper)[pri:0, instance:runner.TestRunner@5ffead27]" started-at="2024-04-01T16:22:19 CDT" name="runScenario" description="Runs Cucumber Scenarios" data-provider="scenarios" finished-at="2024-04-01T16:22:19 CDT" duration-ms="176" status="FAIL">
          <params>
            <param index="0">
              <value>
                <![CDATA["Check if admin able to retrieve all active Admins"]]>
              </value>
            </param>
            <param index="1">
              <value>
                <![CDATA["UserModule"]]>
              </value>
            </param>
          </params>
          <exception class="io.cucumber.testng.UndefinedStepException">
            <message>
              <![CDATA[The step 'Admin creates GET Request for retriving all active admin' and 1 other step(s) are undefined.
You can implement these steps using the snippet(s) below:

@Given("Admin creates GET Request for retriving all active admin")
public void admin_creates_get_request_for_retriving_all_active_admin() {
    // Write code here that turns the phrase above into concrete actions
    throw new io.cucumber.java.PendingException();
}
@When("Admin sends HTTPS Request with all active admin endpoint")
public void admin_sends_https_request_with_all_active_admin_endpoint() {
    // Write code here that turns the phrase above into concrete actions
    throw new io.cucumber.java.PendingException();
}
]]>
            </message>
            <full-stacktrace>
              <![CDATA[io.cucumber.testng.UndefinedStepException: The step 'Admin creates GET Request for retriving all active admin' and 1 other step(s) are undefined.
You can implement these steps using the snippet(s) below:

@Given("Admin creates GET Request for retriving all active admin")
public void admin_creates_get_request_for_retriving_all_active_admin() {
    // Write code here that turns the phrase above into concrete actions
    throw new io.cucumber.java.PendingException();
}
@When("Admin sends HTTPS Request with all active admin endpoint")
public void admin_sends_https_request_with_all_active_admin_endpoint() {
    // Write code here that turns the phrase above into concrete actions
    throw new io.cucumber.java.PendingException();
}

at io.cucumber.core.runtime.TestCaseResultObserver.assertTestCasePassed(TestCaseResultObserver.java:69)
at io.cucumber.testng.TestCaseResultObserver.assertTestCasePassed(TestCaseResultObserver.java:23)
at io.cucumber.testng.TestNGCucumberRunner.lambda$runScenario$1(TestNGCucumberRunner.java:133)
at io.cucumber.core.runtime.CucumberExecutionContext.lambda$runTestCase$5(CucumberExecutionContext.java:136)
at io.cucumber.core.runtime.RethrowingThrowableCollector.executeAndThrow(RethrowingThrowableCollector.java:23)
at io.cucumber.core.runtime.CucumberExecutionContext.runTestCase(CucumberExecutionContext.java:136)
at io.cucumber.testng.TestNGCucumberRunner.runScenario(TestNGCucumberRunner.java:129)
at io.cucumber.testng.AbstractTestNGCucumberTests.runScenario(AbstractTestNGCucumberTests.java:35)
at java.base/jdk.internal.reflect.DirectMethodHandleAccessor.invoke(DirectMethodHandleAccessor.java:103)
at java.base/java.lang.reflect.Method.invoke(Method.java:580)
at org.testng.internal.invokers.MethodInvocationHelper.invokeMethod(MethodInvocationHelper.java:139)
at org.testng.internal.invokers.TestInvoker.invokeMethod(TestInvoker.java:664)
at org.testng.internal.invokers.TestInvoker.invokeTestMethod(TestInvoker.java:228)
at org.testng.internal.invokers.MethodRunner.runInSequence(MethodRunner.java:63)
at org.testng.internal.invokers.TestInvoker$MethodInvocationAgent.invoke(TestInvoker.java:961)
at org.testng.internal.invokers.TestInvoker.invokeTestMethods(TestInvoker.java:201)
at org.testng.internal.invokers.TestMethodWorker.invokeTestMethods(TestMethodWorker.java:148)
at org.testng.internal.invokers.TestMethodWorker.run(TestMethodWorker.java:128)
at java.base/java.util.ArrayList.forEach(ArrayList.java:1596)
at org.testng.TestRunner.privateRun(TestRunner.java:819)
at org.testng.TestRunner.run(TestRunner.java:619)
at org.testng.SuiteRunner.runTest(SuiteRunner.java:443)
at org.testng.SuiteRunner.runSequentially(SuiteRunner.java:437)
at org.testng.SuiteRunner.privateRun(SuiteRunner.java:397)
at org.testng.SuiteRunner.run(SuiteRunner.java:336)
at org.testng.SuiteRunnerWorker.runSuite(SuiteRunnerWorker.java:52)
at org.testng.SuiteRunnerWorker.run(SuiteRunnerWorker.java:95)
at org.testng.TestNG.runSuitesSequentially(TestNG.java:1301)
at org.testng.TestNG.runSuitesLocally(TestNG.java:1228)
at org.testng.TestNG.runSuites(TestNG.java:1134)
at org.testng.TestNG.run(TestNG.java:1101)
at org.testng.remote.AbstractRemoteTestNG.run(AbstractRemoteTestNG.java:115)
at org.testng.remote.RemoteTestNG.initAndRun(RemoteTestNG.java:251)
at org.testng.remote.RemoteTestNG.main(RemoteTestNG.java:77)
]]>
            </full-stacktrace>
          </exception> <!-- io.cucumber.testng.UndefinedStepException -->
          <reporter-output>
          </reporter-output>
        </test-method> <!-- runScenario -->
        <test-method signature="runScenario(io.cucumber.testng.PickleWrapper,io.cucumber.testng.FeatureWrapper)[pri:0, instance:runner.TestRunner@5ffead27]" started-at="2024-04-01T16:22:19 CDT" name="runScenario" description="Runs Cucumber Scenarios" data-provider="scenarios" finished-at="2024-04-01T16:22:19 CDT" duration-ms="46" status="FAIL">
          <params>
            <param index="0">
              <value>
                <![CDATA["Check if admin is able to retreive Admins by valid role ID -Get Admin by role ID"]]>
              </value>
            </param>
            <param index="1">
              <value>
                <![CDATA["UserModule"]]>
              </value>
            </param>
          </params>
          <exception class="io.cucumber.testng.UndefinedStepException">
            <message>
              <![CDATA[The step 'Admin creates GET Request with valid role ID' is undefined.
You can implement this step using the snippet(s) below:

@Given("Admin creates GET Request with valid role ID")
public void admin_creates_get_request_with_valid_role_id() {
    // Write code here that turns the phrase above into concrete actions
    throw new io.cucumber.java.PendingException();
}
]]>
            </message>
            <full-stacktrace>
              <![CDATA[io.cucumber.testng.UndefinedStepException: The step 'Admin creates GET Request with valid role ID' is undefined.
You can implement this step using the snippet(s) below:

@Given("Admin creates GET Request with valid role ID")
public void admin_creates_get_request_with_valid_role_id() {
    // Write code here that turns the phrase above into concrete actions
    throw new io.cucumber.java.PendingException();
}

at io.cucumber.core.runtime.TestCaseResultObserver.assertTestCasePassed(TestCaseResultObserver.java:69)
at io.cucumber.testng.TestCaseResultObserver.assertTestCasePassed(TestCaseResultObserver.java:23)
at io.cucumber.testng.TestNGCucumberRunner.lambda$runScenario$1(TestNGCucumberRunner.java:133)
at io.cucumber.core.runtime.CucumberExecutionContext.lambda$runTestCase$5(CucumberExecutionContext.java:136)
at io.cucumber.core.runtime.RethrowingThrowableCollector.executeAndThrow(RethrowingThrowableCollector.java:23)
at io.cucumber.core.runtime.CucumberExecutionContext.runTestCase(CucumberExecutionContext.java:136)
at io.cucumber.testng.TestNGCucumberRunner.runScenario(TestNGCucumberRunner.java:129)
at io.cucumber.testng.AbstractTestNGCucumberTests.runScenario(AbstractTestNGCucumberTests.java:35)
at java.base/jdk.internal.reflect.DirectMethodHandleAccessor.invoke(DirectMethodHandleAccessor.java:103)
at java.base/java.lang.reflect.Method.invoke(Method.java:580)
at org.testng.internal.invokers.MethodInvocationHelper.invokeMethod(MethodInvocationHelper.java:139)
at org.testng.internal.invokers.TestInvoker.invokeMethod(TestInvoker.java:664)
at org.testng.internal.invokers.TestInvoker.invokeTestMethod(TestInvoker.java:228)
at org.testng.internal.invokers.MethodRunner.runInSequence(MethodRunner.java:63)
at org.testng.internal.invokers.TestInvoker$MethodInvocationAgent.invoke(TestInvoker.java:961)
at org.testng.internal.invokers.TestInvoker.invokeTestMethods(TestInvoker.java:201)
at org.testng.internal.invokers.TestMethodWorker.invokeTestMethods(TestMethodWorker.java:148)
at org.testng.internal.invokers.TestMethodWorker.run(TestMethodWorker.java:128)
at java.base/java.util.ArrayList.forEach(ArrayList.java:1596)
at org.testng.TestRunner.privateRun(TestRunner.java:819)
at org.testng.TestRunner.run(TestRunner.java:619)
at org.testng.SuiteRunner.runTest(SuiteRunner.java:443)
at org.testng.SuiteRunner.runSequentially(SuiteRunner.java:437)
at org.testng.SuiteRunner.privateRun(SuiteRunner.java:397)
at org.testng.SuiteRunner.run(SuiteRunner.java:336)
at org.testng.SuiteRunnerWorker.runSuite(SuiteRunnerWorker.java:52)
at org.testng.SuiteRunnerWorker.run(SuiteRunnerWorker.java:95)
at org.testng.TestNG.runSuitesSequentially(TestNG.java:1301)
at org.testng.TestNG.runSuitesLocally(TestNG.java:1228)
at org.testng.TestNG.runSuites(TestNG.java:1134)
at org.testng.TestNG.run(TestNG.java:1101)
at org.testng.remote.AbstractRemoteTestNG.run(AbstractRemoteTestNG.java:115)
at org.testng.remote.RemoteTestNG.initAndRun(RemoteTestNG.java:251)
at org.testng.remote.RemoteTestNG.main(RemoteTestNG.java:77)
]]>
            </full-stacktrace>
          </exception> <!-- io.cucumber.testng.UndefinedStepException -->
          <reporter-output>
          </reporter-output>
        </test-method> <!-- runScenario -->
        <test-method signature="runScenario(io.cucumber.testng.PickleWrapper,io.cucumber.testng.FeatureWrapper)[pri:0, instance:runner.TestRunner@5ffead27]" started-at="2024-04-01T16:22:19 CDT" name="runScenario" description="Runs Cucumber Scenarios" data-provider="scenarios" finished-at="2024-04-01T16:22:22 CDT" duration-ms="3665" status="FAIL">
          <params>
            <param index="0">
              <value>
                <![CDATA["Check if admin is able to retrieve all Admins with filters - Get Admin with filters"]]>
              </value>
            </param>
            <param index="1">
              <value>
                <![CDATA["UserModule"]]>
              </value>
            </param>
          </params>
          <exception class="java.io.FileNotFoundException">
            <message>
              <![CDATA[./src/test/resources/TestData/UpdateUser.xlsx/CreateNewUser]]>
            </message>
            <full-stacktrace>
              <![CDATA[java.io.FileNotFoundException: ./src/test/resources/TestData/UpdateUser.xlsx/CreateNewUser
at org.apache.poi.ss.usermodel.WorkbookFactory.create(WorkbookFactory.java:302)
at org.apache.poi.ss.usermodel.WorkbookFactory.create(WorkbookFactory.java:277)
at org.apache.poi.ss.usermodel.WorkbookFactory.create(WorkbookFactory.java:255)
at stepdefinition.ExcelReader_Rest.getData(ExcelReader_Rest.java:21)
at payload.UserModulePayload.UserModulePostRequestBody(UserModulePayload.java:22)
at stepdefinition.UserModuleShruti.admin_sends_https_request_with_endpoint(UserModuleShruti.java:62)
at ✽.Admin sends HTTPS Request with endpoint(file:///Users/shruti/eclipse-workspace/Team1_APIPros_LMSAPI_RestAssured/src/test/resources/featurefiles/PositiveUserModule.feature:24)
]]>
            </full-stacktrace>
          </exception> <!-- java.io.FileNotFoundException -->
          <reporter-output>
          </reporter-output>
        </test-method> <!-- runScenario -->
        <test-method signature="runScenario(io.cucumber.testng.PickleWrapper,io.cucumber.testng.FeatureWrapper)[pri:0, instance:runner.TestRunner@5ffead27]" started-at="2024-04-01T16:22:22 CDT" name="runScenario" description="Runs Cucumber Scenarios" data-provider="scenarios" finished-at="2024-04-01T16:22:23 CDT" duration-ms="97" status="FAIL">
          <params>
            <param index="0">
              <value>
                <![CDATA["Check if admin is able to update role id of a Admin by valid Admin id -Update Admin roleID by admin id"]]>
              </value>
            </param>
            <param index="1">
              <value>
                <![CDATA["UserModule"]]>
              </value>
            </param>
          </params>
          <exception class="java.lang.IllegalArgumentException">
            <message>
              <![CDATA[body cannot be null]]>
            </message>
            <full-stacktrace>
              <![CDATA[java.lang.IllegalArgumentException: body cannot be null
at java.base/jdk.internal.reflect.DirectConstructorHandleAccessor.newInstance(DirectConstructorHandleAccessor.java:62)
at java.base/java.lang.reflect.Constructor.newInstanceWithCaller(Constructor.java:502)
at java.base/java.lang.reflect.Constructor.newInstance(Constructor.java:486)
at org.codehaus.groovy.reflection.CachedConstructor.invoke(CachedConstructor.java:73)
at org.codehaus.groovy.reflection.CachedConstructor.doConstructorInvoke(CachedConstructor.java:60)
at org.codehaus.groovy.runtime.callsite.ConstructorSite$ConstructorSiteNoUnwrap.callConstructor(ConstructorSite.java:86)
at org.codehaus.groovy.runtime.callsite.CallSiteArray.defaultCallConstructor(CallSiteArray.java:57)
at org.codehaus.groovy.runtime.callsite.AbstractCallSite.callConstructor(AbstractCallSite.java:263)
at org.codehaus.groovy.runtime.callsite.AbstractCallSite.callConstructor(AbstractCallSite.java:277)
at io.restassured.internal.common.assertion.AssertParameter.notNull(AssertParameter.groovy:26)
at io.restassured.internal.common.assertion.AssertParameter$notNull.callStatic(Unknown Source)
at org.codehaus.groovy.runtime.callsite.CallSiteArray.defaultCallStatic(CallSiteArray.java:53)
at io.restassured.internal.common.assertion.AssertParameter$notNull.callStatic(Unknown Source)
at io.restassured.internal.RequestSpecificationImpl.body(RequestSpecificationImpl.groovy:698)
at stepdefinition.UserModuleShruti.the_admin_creates_put_request_with_valid_request_body(UserModuleShruti.java:188)
at ✽.The Admin creates PUT Request with valid request body(file:///Users/shruti/eclipse-workspace/Team1_APIPros_LMSAPI_RestAssured/src/test/resources/featurefiles/PositiveUserModule.feature:29)
]]>
            </full-stacktrace>
          </exception> <!-- java.lang.IllegalArgumentException -->
          <reporter-output>
          </reporter-output>
        </test-method> <!-- runScenario -->
        <test-method signature="runScenario(io.cucumber.testng.PickleWrapper,io.cucumber.testng.FeatureWrapper)[pri:0, instance:runner.TestRunner@5ffead27]" started-at="2024-04-01T16:22:23 CDT" name="runScenario" description="Runs Cucumber Scenarios" data-provider="scenarios" finished-at="2024-04-01T16:22:23 CDT" duration-ms="78" status="FAIL">
          <params>
            <param index="0">
              <value>
                <![CDATA["Check if admin is able to assign Admin to with program/batch by Admin Id - update admin role program batch status"]]>
              </value>
            </param>
            <param index="1">
              <value>
                <![CDATA["UserModule"]]>
              </value>
            </param>
          </params>
          <exception class="java.lang.NullPointerException">
            <message>
              <![CDATA[Cannot invoke "io.restassured.specification.RequestSpecification.when()" because "stepdefinition.UserModuleShruti.putreqspec" is null]]>
            </message>
            <full-stacktrace>
              <![CDATA[java.lang.NullPointerException: Cannot invoke "io.restassured.specification.RequestSpecification.when()" because "stepdefinition.UserModuleShruti.putreqspec" is null
at stepdefinition.UserModuleShruti.admin_sends_https_request_with_prgmbatchstatus_endpoint(UserModuleShruti.java:212)
at ✽.Admin sends HTTPS Request with Prgmbatchstatus endpoint(file:///Users/shruti/eclipse-workspace/Team1_APIPros_LMSAPI_RestAssured/src/test/resources/featurefiles/PositiveUserModule.feature:36)
]]>
            </full-stacktrace>
          </exception> <!-- java.lang.NullPointerException -->
          <reporter-output>
          </reporter-output>
        </test-method> <!-- runScenario -->
        <test-method signature="runScenario(io.cucumber.testng.PickleWrapper,io.cucumber.testng.FeatureWrapper)[pri:0, instance:runner.TestRunner@5ffead27]" started-at="2024-04-01T16:22:23 CDT" name="runScenario" description="Runs Cucumber Scenarios" data-provider="scenarios" finished-at="2024-04-01T16:22:24 CDT" duration-ms="1262" status="FAIL">
          <params>
            <param index="0">
              <value>
                <![CDATA["Check if Admin able to create a program with valid endpoint and request body with Authorization"]]>
              </value>
            </param>
            <param index="1">
              <value>
                <![CDATA["ProgramModule_Postive"]]>
              </value>
            </param>
          </params>
          <exception class="java.lang.NullPointerException">
            <message>
              <![CDATA[Cannot invoke "io.restassured.response.Response.getBody()" because "this.response" is null]]>
            </message>
            <full-stacktrace>
              <![CDATA[java.lang.NullPointerException: Cannot invoke "io.restassured.response.Response.getBody()" because "this.response" is null
at stepdefinition.UserModuleShruti.admin_receives_created_status_with_response_body(UserModuleShruti.java:67)
at ✽.Admin receives 201 Created Status with response body.(file:///Users/shruti/eclipse-workspace/Team1_APIPros_LMSAPI_RestAssured/src/test/resources/featurefiles/ProgMod_Positive.feature:7)
]]>
            </full-stacktrace>
          </exception> <!-- java.lang.NullPointerException -->
          <reporter-output>
          </reporter-output>
        </test-method> <!-- runScenario -->
        <test-method signature="runScenario(io.cucumber.testng.PickleWrapper,io.cucumber.testng.FeatureWrapper)[pri:0, instance:runner.TestRunner@5ffead27]" started-at="2024-04-01T16:22:24 CDT" name="runScenario" description="Runs Cucumber Scenarios" data-provider="scenarios" finished-at="2024-04-01T16:22:24 CDT" duration-ms="480" status="PASS">
          <params>
            <param index="0">
              <value>
                <![CDATA["Check if Admin able to create a program with missing values in the request body"]]>
              </value>
            </param>
            <param index="1">
              <value>
                <![CDATA["ProgramModule_Postive"]]>
              </value>
            </param>
          </params>
          <reporter-output>
          </reporter-output>
        </test-method> <!-- runScenario -->
        <test-method signature="runScenario(io.cucumber.testng.PickleWrapper,io.cucumber.testng.FeatureWrapper)[pri:0, instance:runner.TestRunner@5ffead27]" started-at="2024-04-01T16:22:24 CDT" name="runScenario" description="Runs Cucumber Scenarios" data-provider="scenarios" finished-at="2024-04-01T16:22:25 CDT" duration-ms="333" status="FAIL">
          <params>
            <param index="0">
              <value>
                <![CDATA["Check if Admin able to retrieve all programs with valid Endpoint"]]>
              </value>
            </param>
            <param index="1">
              <value>
                <![CDATA["ProgramModule_Postive"]]>
              </value>
            </param>
          </params>
          <exception class="java.lang.NullPointerException">
            <message>
              <![CDATA[Cannot invoke "io.restassured.response.Response.statusCode()" because "this.response" is null]]>
            </message>
            <full-stacktrace>
              <![CDATA[java.lang.NullPointerException: Cannot invoke "io.restassured.response.Response.statusCode()" because "this.response" is null
at stepdefinition.UserModuleShruti.admin_receives_ok_status_with_response_body(UserModuleShruti.java:105)
at ✽.Admin receives 200 OK Status with response body.(file:///Users/shruti/eclipse-workspace/Team1_APIPros_LMSAPI_RestAssured/src/test/resources/featurefiles/ProgMod_Positive.feature:17)
]]>
            </full-stacktrace>
          </exception> <!-- java.lang.NullPointerException -->
          <reporter-output>
          </reporter-output>
        </test-method> <!-- runScenario -->
        <test-method signature="runScenario(io.cucumber.testng.PickleWrapper,io.cucumber.testng.FeatureWrapper)[pri:0, instance:runner.TestRunner@5ffead27]" started-at="2024-04-01T16:22:25 CDT" name="runScenario" description="Runs Cucumber Scenarios" data-provider="scenarios" finished-at="2024-04-01T16:22:25 CDT" duration-ms="281" status="FAIL">
          <params>
            <param index="0">
              <value>
                <![CDATA["Check if Admin able to retrieve a program with valid program ID"]]>
              </value>
            </param>
            <param index="1">
              <value>
                <![CDATA["ProgramModule_Postive"]]>
              </value>
            </param>
          </params>
          <exception class="java.lang.NullPointerException">
            <message>
              <![CDATA[Cannot invoke "io.restassured.response.Response.statusCode()" because "this.response" is null]]>
            </message>
            <full-stacktrace>
              <![CDATA[java.lang.NullPointerException: Cannot invoke "io.restassured.response.Response.statusCode()" because "this.response" is null
at stepdefinition.UserModuleShruti.admin_receives_ok_status_with_response_body(UserModuleShruti.java:105)
at ✽.Admin receives 200 OK Status with response body.(file:///Users/shruti/eclipse-workspace/Team1_APIPros_LMSAPI_RestAssured/src/test/resources/featurefiles/ProgMod_Positive.feature:22)
]]>
            </full-stacktrace>
          </exception> <!-- java.lang.NullPointerException -->
          <reporter-output>
          </reporter-output>
        </test-method> <!-- runScenario -->
        <test-method signature="runScenario(io.cucumber.testng.PickleWrapper,io.cucumber.testng.FeatureWrapper)[pri:0, instance:runner.TestRunner@5ffead27]" started-at="2024-04-01T16:22:25 CDT" name="runScenario" description="Runs Cucumber Scenarios" data-provider="scenarios" finished-at="2024-04-01T16:22:25 CDT" duration-ms="434" status="FAIL">
          <params>
            <param index="0">
              <value>
                <![CDATA["Check if Admin able to retrieve all programs with valid Endpoint"]]>
              </value>
            </param>
            <param index="1">
              <value>
                <![CDATA["ProgramModule_Postive"]]>
              </value>
            </param>
          </params>
          <exception class="java.lang.NullPointerException">
            <message>
              <![CDATA[Cannot invoke "io.restassured.response.Response.statusCode()" because "this.response" is null]]>
            </message>
            <full-stacktrace>
              <![CDATA[java.lang.NullPointerException: Cannot invoke "io.restassured.response.Response.statusCode()" because "this.response" is null
at stepdefinition.UserModuleShruti.admin_receives_ok_status_with_response_body(UserModuleShruti.java:105)
at ✽.Admin receives 200 OK Status with response body.(file:///Users/shruti/eclipse-workspace/Team1_APIPros_LMSAPI_RestAssured/src/test/resources/featurefiles/ProgMod_Positive.feature:27)
]]>
            </full-stacktrace>
          </exception> <!-- java.lang.NullPointerException -->
          <reporter-output>
          </reporter-output>
        </test-method> <!-- runScenario -->
        <test-method signature="runScenario(io.cucumber.testng.PickleWrapper,io.cucumber.testng.FeatureWrapper)[pri:0, instance:runner.TestRunner@5ffead27]" started-at="2024-04-01T16:22:25 CDT" name="runScenario" description="Runs Cucumber Scenarios" data-provider="scenarios" finished-at="2024-04-01T16:22:26 CDT" duration-ms="965" status="FAIL">
          <params>
            <param index="0">
              <value>
                <![CDATA["Check if Admin able to update a program with valid programID endpoint  and valid request body"]]>
              </value>
            </param>
            <param index="1">
              <value>
                <![CDATA["ProgramModule_Postive"]]>
              </value>
            </param>
          </params>
          <exception class="java.lang.AssertionError">
            <message>
              <![CDATA[expected [200] but found [400]]]>
            </message>
            <full-stacktrace>
              <![CDATA[java.lang.AssertionError: expected [200] but found [400]
at org.testng.Assert.fail(Assert.java:111)
at org.testng.Assert.failNotEquals(Assert.java:1578)
at org.testng.Assert.assertEqualsImpl(Assert.java:150)
at org.testng.Assert.assertEquals(Assert.java:132)
at org.testng.Assert.assertEquals(Assert.java:1419)
at org.testng.Assert.assertEquals(Assert.java:1383)
at org.testng.Assert.assertEquals(Assert.java:1429)
at stepdefinition.ProgMod_Positive.admin_receives_ok_status_with_updated_value_in_response_body(ProgMod_Positive.java:70)
at ✽.Admin receives 200 OK Status with updated value in response body.(file:///Users/shruti/eclipse-workspace/Team1_APIPros_LMSAPI_RestAssured/src/test/resources/featurefiles/ProgMod_Positive.feature:32)
]]>
            </full-stacktrace>
          </exception> <!-- java.lang.AssertionError -->
          <reporter-output>
          </reporter-output>
        </test-method> <!-- runScenario -->
        <test-method signature="runScenario(io.cucumber.testng.PickleWrapper,io.cucumber.testng.FeatureWrapper)[pri:0, instance:runner.TestRunner@5ffead27]" started-at="2024-04-01T16:22:26 CDT" name="runScenario" description="Runs Cucumber Scenarios" data-provider="scenarios" finished-at="2024-04-01T16:22:27 CDT" duration-ms="795" status="FAIL">
          <params>
            <param index="0">
              <value>
                <![CDATA["Check if Admin able to update a program with  Valid program Name and request body"]]>
              </value>
            </param>
            <param index="1">
              <value>
                <![CDATA["ProgramModule_Postive"]]>
              </value>
            </param>
          </params>
          <exception class="java.lang.AssertionError">
            <message>
              <![CDATA[expected [200] but found [400]]]>
            </message>
            <full-stacktrace>
              <![CDATA[java.lang.AssertionError: expected [200] but found [400]
at org.testng.Assert.fail(Assert.java:111)
at org.testng.Assert.failNotEquals(Assert.java:1578)
at org.testng.Assert.assertEqualsImpl(Assert.java:150)
at org.testng.Assert.assertEquals(Assert.java:132)
at org.testng.Assert.assertEquals(Assert.java:1419)
at org.testng.Assert.assertEquals(Assert.java:1383)
at org.testng.Assert.assertEquals(Assert.java:1429)
at stepdefinition.ProgMod_Positive.admin_receives_ok_status_with_updated_value_in_response_body(ProgMod_Positive.java:70)
at ✽.Admin receives 200 OK Status with updated value in response body.(file:///Users/shruti/eclipse-workspace/Team1_APIPros_LMSAPI_RestAssured/src/test/resources/featurefiles/ProgMod_Positive.feature:37)
]]>
            </full-stacktrace>
          </exception> <!-- java.lang.AssertionError -->
          <reporter-output>
          </reporter-output>
        </test-method> <!-- runScenario -->
        <test-method signature="runScenario(io.cucumber.testng.PickleWrapper,io.cucumber.testng.FeatureWrapper)[pri:0, instance:runner.TestRunner@5ffead27]" started-at="2024-04-01T16:22:27 CDT" name="runScenario" description="Runs Cucumber Scenarios" data-provider="scenarios" finished-at="2024-04-01T16:22:28 CDT" duration-ms="797" status="FAIL">
          <params>
            <param index="0">
              <value>
                <![CDATA["Check if Admin able to update a program status"]]>
              </value>
            </param>
            <param index="1">
              <value>
                <![CDATA["ProgramModule_Postive"]]>
              </value>
            </param>
          </params>
          <exception class="java.lang.AssertionError">
            <message>
              <![CDATA[expected [200] but found [400]]]>
            </message>
            <full-stacktrace>
              <![CDATA[java.lang.AssertionError: expected [200] but found [400]
at org.testng.Assert.fail(Assert.java:111)
at org.testng.Assert.failNotEquals(Assert.java:1578)
at org.testng.Assert.assertEqualsImpl(Assert.java:150)
at org.testng.Assert.assertEquals(Assert.java:132)
at org.testng.Assert.assertEquals(Assert.java:1419)
at org.testng.Assert.assertEquals(Assert.java:1383)
at org.testng.Assert.assertEquals(Assert.java:1429)
at stepdefinition.ProgMod_Positive.admin_receives_ok_status_with_updated_value_in_response_body(ProgMod_Positive.java:70)
at ✽.Admin receives 200 OK Status with updated value in response body.(file:///Users/shruti/eclipse-workspace/Team1_APIPros_LMSAPI_RestAssured/src/test/resources/featurefiles/ProgMod_Positive.feature:42)
]]>
            </full-stacktrace>
          </exception> <!-- java.lang.AssertionError -->
          <reporter-output>
          </reporter-output>
        </test-method> <!-- runScenario -->
        <test-method signature="runScenario(io.cucumber.testng.PickleWrapper,io.cucumber.testng.FeatureWrapper)[pri:0, instance:runner.TestRunner@5ffead27]" started-at="2024-04-01T16:22:28 CDT" name="runScenario" description="Runs Cucumber Scenarios" data-provider="scenarios" finished-at="2024-04-01T16:22:29 CDT" duration-ms="711" status="FAIL">
          <params>
            <param index="0">
              <value>
                <![CDATA["Check if Admin able to delete a program with valid programName"]]>
              </value>
            </param>
            <param index="1">
              <value>
                <![CDATA["ProgramModule_Postive"]]>
              </value>
            </param>
          </params>
          <exception class="java.lang.NullPointerException">
            <message>
              <![CDATA[Cannot invoke "io.restassured.response.Response.getBody()" because "stepdefinition.UserModuleShruti.responseput" is null]]>
            </message>
            <full-stacktrace>
              <![CDATA[java.lang.NullPointerException: Cannot invoke "io.restassured.response.Response.getBody()" because "stepdefinition.UserModuleShruti.responseput" is null
at stepdefinition.UserModuleShruti.admin_receives_ok_status_with_message(UserModuleShruti.java:157)
at ✽.Admin receives 200 Ok status with message(file:///Users/shruti/eclipse-workspace/Team1_APIPros_LMSAPI_RestAssured/src/test/resources/featurefiles/ProgMod_Positive.feature:47)
]]>
            </full-stacktrace>
          </exception> <!-- java.lang.NullPointerException -->
          <reporter-output>
          </reporter-output>
        </test-method> <!-- runScenario -->
        <test-method signature="runScenario(io.cucumber.testng.PickleWrapper,io.cucumber.testng.FeatureWrapper)[pri:0, instance:runner.TestRunner@5ffead27]" started-at="2024-04-01T16:22:29 CDT" name="runScenario" description="Runs Cucumber Scenarios" data-provider="scenarios" finished-at="2024-04-01T16:22:30 CDT" duration-ms="740" status="FAIL">
          <params>
            <param index="0">
              <value>
                <![CDATA["Check if Admin able to delete a program with valid program ID"]]>
              </value>
            </param>
            <param index="1">
              <value>
                <![CDATA["ProgramModule_Postive"]]>
              </value>
            </param>
          </params>
          <exception class="java.lang.NullPointerException">
            <message>
              <![CDATA[Cannot invoke "io.restassured.response.Response.getBody()" because "stepdefinition.UserModuleShruti.responseput" is null]]>
            </message>
            <full-stacktrace>
              <![CDATA[java.lang.NullPointerException: Cannot invoke "io.restassured.response.Response.getBody()" because "stepdefinition.UserModuleShruti.responseput" is null
at stepdefinition.UserModuleShruti.admin_receives_ok_status_with_message(UserModuleShruti.java:157)
at ✽.Admin receives 200 Ok status with message(file:///Users/shruti/eclipse-workspace/Team1_APIPros_LMSAPI_RestAssured/src/test/resources/featurefiles/ProgMod_Positive.feature:52)
]]>
            </full-stacktrace>
          </exception> <!-- java.lang.NullPointerException -->
          <reporter-output>
          </reporter-output>
        </test-method> <!-- runScenario -->
        <test-method signature="runScenario(io.cucumber.testng.PickleWrapper,io.cucumber.testng.FeatureWrapper)[pri:0, instance:runner.TestRunner@5ffead27]" started-at="2024-04-01T16:22:30 CDT" name="runScenario" description="Runs Cucumber Scenarios" data-provider="scenarios" finished-at="2024-04-01T16:22:30 CDT" duration-ms="820" status="FAIL">
          <params>
            <param index="0">
              <value>
                <![CDATA["Check if Admin able to create a program with valid endpoint and request body with Authorization"]]>
              </value>
            </param>
            <param index="1">
              <value>
                <![CDATA["Programbatch_Postive"]]>
              </value>
            </param>
          </params>
          <exception class="java.lang.NullPointerException">
            <message>
              <![CDATA[Cannot invoke "io.restassured.response.Response.getBody()" because "this.response" is null]]>
            </message>
            <full-stacktrace>
              <![CDATA[java.lang.NullPointerException: Cannot invoke "io.restassured.response.Response.getBody()" because "this.response" is null
at stepdefinition.UserModuleShruti.admin_receives_created_status_with_response_body(UserModuleShruti.java:67)
at ✽.Admin receives 201 Created Status with response body.(file:///Users/shruti/eclipse-workspace/Team1_APIPros_LMSAPI_RestAssured/src/test/resources/featurefiles/ProgramBatchModule.feature:7)
]]>
            </full-stacktrace>
          </exception> <!-- java.lang.NullPointerException -->
          <reporter-output>
          </reporter-output>
        </test-method> <!-- runScenario -->
        <test-method signature="runScenario(io.cucumber.testng.PickleWrapper,io.cucumber.testng.FeatureWrapper)[pri:0, instance:runner.TestRunner@5ffead27]" started-at="2024-04-01T16:22:30 CDT" name="runScenario" description="Runs Cucumber Scenarios" data-provider="scenarios" finished-at="2024-04-01T16:22:31 CDT" duration-ms="462" status="PASS">
          <params>
            <param index="0">
              <value>
                <![CDATA["Check if Admin able to create a program with missing values in the request body"]]>
              </value>
            </param>
            <param index="1">
              <value>
                <![CDATA["Programbatch_Postive"]]>
              </value>
            </param>
          </params>
          <reporter-output>
          </reporter-output>
        </test-method> <!-- runScenario -->
        <test-method signature="runScenario(io.cucumber.testng.PickleWrapper,io.cucumber.testng.FeatureWrapper)[pri:0, instance:runner.TestRunner@5ffead27]" started-at="2024-04-01T16:22:31 CDT" name="runScenario" description="Runs Cucumber Scenarios" data-provider="scenarios" finished-at="2024-04-01T16:22:31 CDT" duration-ms="13" status="FAIL">
          <params>
            <param index="0">
              <value>
                <![CDATA["Check if Admin able to retrieve all batches with valid Endpoint"]]>
              </value>
            </param>
            <param index="1">
              <value>
                <![CDATA["Programbatch_Postive"]]>
              </value>
            </param>
          </params>
          <exception class="java.lang.NullPointerException">
            <message>
              <![CDATA[Cannot invoke "io.restassured.response.Response.statusCode()" because "this.response" is null]]>
            </message>
            <full-stacktrace>
              <![CDATA[java.lang.NullPointerException: Cannot invoke "io.restassured.response.Response.statusCode()" because "this.response" is null
at stepdefinition.UserModuleShruti.admin_receives_ok_status_with_response_body(UserModuleShruti.java:105)
at ✽.Admin receives 200 OK Status with response body.(file:///Users/shruti/eclipse-workspace/Team1_APIPros_LMSAPI_RestAssured/src/test/resources/featurefiles/ProgramBatchModule.feature:17)
]]>
            </full-stacktrace>
          </exception> <!-- java.lang.NullPointerException -->
          <reporter-output>
          </reporter-output>
        </test-method> <!-- runScenario -->
        <test-method signature="runScenario(io.cucumber.testng.PickleWrapper,io.cucumber.testng.FeatureWrapper)[pri:0, instance:runner.TestRunner@5ffead27]" started-at="2024-04-01T16:22:31 CDT" name="runScenario" description="Runs Cucumber Scenarios" data-provider="scenarios" finished-at="2024-04-01T16:22:31 CDT" duration-ms="23" status="FAIL">
          <params>
            <param index="0">
              <value>
                <![CDATA["Check if Admin able to retrieve a batches with valid batch ID"]]>
              </value>
            </param>
            <param index="1">
              <value>
                <![CDATA["Programbatch_Postive"]]>
              </value>
            </param>
          </params>
          <exception class="java.lang.NullPointerException">
            <message>
              <![CDATA[Cannot invoke "io.restassured.response.Response.statusCode()" because "this.response" is null]]>
            </message>
            <full-stacktrace>
              <![CDATA[java.lang.NullPointerException: Cannot invoke "io.restassured.response.Response.statusCode()" because "this.response" is null
at stepdefinition.UserModuleShruti.admin_receives_ok_status_with_response_body(UserModuleShruti.java:105)
at ✽.Admin receives 200 OK Status with response body.(file:///Users/shruti/eclipse-workspace/Team1_APIPros_LMSAPI_RestAssured/src/test/resources/featurefiles/ProgramBatchModule.feature:22)
]]>
            </full-stacktrace>
          </exception> <!-- java.lang.NullPointerException -->
          <reporter-output>
          </reporter-output>
        </test-method> <!-- runScenario -->
        <test-method signature="runScenario(io.cucumber.testng.PickleWrapper,io.cucumber.testng.FeatureWrapper)[pri:0, instance:runner.TestRunner@5ffead27]" started-at="2024-04-01T16:22:31 CDT" name="runScenario" description="Runs Cucumber Scenarios" data-provider="scenarios" finished-at="2024-04-01T16:22:31 CDT" duration-ms="30" status="FAIL">
          <params>
            <param index="0">
              <value>
                <![CDATA["Check if Admin able to retrieve all batches with valid batchname"]]>
              </value>
            </param>
            <param index="1">
              <value>
                <![CDATA["Programbatch_Postive"]]>
              </value>
            </param>
          </params>
          <exception class="java.lang.NullPointerException">
            <message>
              <![CDATA[Cannot invoke "io.restassured.response.Response.statusCode()" because "this.response" is null]]>
            </message>
            <full-stacktrace>
              <![CDATA[java.lang.NullPointerException: Cannot invoke "io.restassured.response.Response.statusCode()" because "this.response" is null
at stepdefinition.UserModuleShruti.admin_receives_ok_status_with_response_body(UserModuleShruti.java:105)
at ✽.Admin receives 200 OK Status with response body.(file:///Users/shruti/eclipse-workspace/Team1_APIPros_LMSAPI_RestAssured/src/test/resources/featurefiles/ProgramBatchModule.feature:27)
]]>
            </full-stacktrace>
          </exception> <!-- java.lang.NullPointerException -->
          <reporter-output>
          </reporter-output>
        </test-method> <!-- runScenario -->
        <test-method signature="runScenario(io.cucumber.testng.PickleWrapper,io.cucumber.testng.FeatureWrapper)[pri:0, instance:runner.TestRunner@5ffead27]" started-at="2024-04-01T16:22:31 CDT" name="runScenario" description="Runs Cucumber Scenarios" data-provider="scenarios" finished-at="2024-04-01T16:22:31 CDT" duration-ms="26" status="FAIL">
          <params>
            <param index="0">
              <value>
                <![CDATA["Check if Admin able to retrieve all batches with valid programid"]]>
              </value>
            </param>
            <param index="1">
              <value>
                <![CDATA["Programbatch_Postive"]]>
              </value>
            </param>
          </params>
          <exception class="java.lang.NullPointerException">
            <message>
              <![CDATA[Cannot invoke "io.restassured.response.Response.statusCode()" because "this.response" is null]]>
            </message>
            <full-stacktrace>
              <![CDATA[java.lang.NullPointerException: Cannot invoke "io.restassured.response.Response.statusCode()" because "this.response" is null
at stepdefinition.UserModuleShruti.admin_receives_ok_status_with_response_body(UserModuleShruti.java:105)
at ✽.Admin receives 200 OK Status with response body.(file:///Users/shruti/eclipse-workspace/Team1_APIPros_LMSAPI_RestAssured/src/test/resources/featurefiles/ProgramBatchModule.feature:32)
]]>
            </full-stacktrace>
          </exception> <!-- java.lang.NullPointerException -->
          <reporter-output>
          </reporter-output>
        </test-method> <!-- runScenario -->
        <test-method signature="runScenario(io.cucumber.testng.PickleWrapper,io.cucumber.testng.FeatureWrapper)[pri:0, instance:runner.TestRunner@5ffead27]" started-at="2024-04-01T16:22:31 CDT" name="runScenario" description="Runs Cucumber Scenarios" data-provider="scenarios" finished-at="2024-04-01T16:22:31 CDT" duration-ms="27" status="FAIL">
          <params>
            <param index="0">
              <value>
                <![CDATA["Check if Admin able to update  batches with valid batchid"]]>
              </value>
            </param>
            <param index="1">
              <value>
                <![CDATA["Programbatch_Postive"]]>
              </value>
            </param>
          </params>
          <exception class="java.lang.NullPointerException">
            <message>
              <![CDATA[Cannot invoke "io.restassured.response.Response.statusCode()" because "this.response" is null]]>
            </message>
            <full-stacktrace>
              <![CDATA[java.lang.NullPointerException: Cannot invoke "io.restassured.response.Response.statusCode()" because "this.response" is null
at stepdefinition.UserModuleShruti.admin_receives_ok_status_with_response_body(UserModuleShruti.java:105)
at ✽.Admin receives 200 OK Status with response body.(file:///Users/shruti/eclipse-workspace/Team1_APIPros_LMSAPI_RestAssured/src/test/resources/featurefiles/ProgramBatchModule.feature:37)
]]>
            </full-stacktrace>
          </exception> <!-- java.lang.NullPointerException -->
          <reporter-output>
          </reporter-output>
        </test-method> <!-- runScenario -->
        <test-method signature="runScenario(io.cucumber.testng.PickleWrapper,io.cucumber.testng.FeatureWrapper)[pri:0, instance:runner.TestRunner@5ffead27]" started-at="2024-04-01T16:22:31 CDT" name="runScenario" description="Runs Cucumber Scenarios" data-provider="scenarios" finished-at="2024-04-01T16:22:31 CDT" duration-ms="20" status="FAIL">
          <params>
            <param index="0">
              <value>
                <![CDATA["Check if Admin able to delete batches with valid batchid"]]>
              </value>
            </param>
            <param index="1">
              <value>
                <![CDATA["Programbatch_Postive"]]>
              </value>
            </param>
          </params>
          <exception class="io.cucumber.java.PendingException">
            <message>
              <![CDATA[TODO: implement me]]>
            </message>
            <full-stacktrace>
              <![CDATA[io.cucumber.java.PendingException: TODO: implement me
at stepdefinition.ProgramBatchModule.admin_creates_delete_request_for_the_lms_api(ProgramBatchModule.java:56)
at ✽.Admin creates DELETE Request for the LMS API(file:///Users/shruti/eclipse-workspace/Team1_APIPros_LMSAPI_RestAssured/src/test/resources/featurefiles/ProgramBatchModule.feature:40)
]]>
            </full-stacktrace>
          </exception> <!-- io.cucumber.java.PendingException -->
          <reporter-output>
          </reporter-output>
        </test-method> <!-- runScenario -->
        <test-method signature="runScenario(io.cucumber.testng.PickleWrapper,io.cucumber.testng.FeatureWrapper)[pri:0, instance:runner.TestRunner@5ffead27]" started-at="2024-04-01T16:22:31 CDT" name="runScenario" description="Runs Cucumber Scenarios" data-provider="scenarios" finished-at="2024-04-01T16:22:31 CDT" duration-ms="14" status="FAIL">
          <params>
            <param index="0">
              <value>
                <![CDATA["Check if Admin able to retrieve a batches with valid batch ID"]]>
              </value>
            </param>
            <param index="1">
              <value>
                <![CDATA["Programbatch_Postive"]]>
              </value>
            </param>
          </params>
          <exception class="java.lang.NullPointerException">
            <message>
              <![CDATA[Cannot invoke "io.restassured.response.Response.statusCode()" because "this.response" is null]]>
            </message>
            <full-stacktrace>
              <![CDATA[java.lang.NullPointerException: Cannot invoke "io.restassured.response.Response.statusCode()" because "this.response" is null
at stepdefinition.UserModuleShruti.admin_receives_ok_status_with_response_body(UserModuleShruti.java:105)
at ✽.Admin receives 200 OK Status with response body.(file:///Users/shruti/eclipse-workspace/Team1_APIPros_LMSAPI_RestAssured/src/test/resources/featurefiles/ProgramBatchModule.feature:47)
]]>
            </full-stacktrace>
          </exception> <!-- java.lang.NullPointerException -->
          <reporter-output>
          </reporter-output>
        </test-method> <!-- runScenario -->
        <test-method signature="runScenario(io.cucumber.testng.PickleWrapper,io.cucumber.testng.FeatureWrapper)[pri:0, instance:runner.TestRunner@5ffead27]" started-at="2024-04-01T16:22:31 CDT" name="runScenario" description="Runs Cucumber Scenarios" data-provider="scenarios" finished-at="2024-04-01T16:22:31 CDT" duration-ms="47" status="FAIL">
          <params>
            <param index="0">
              <value>
                <![CDATA["Check if Admin able to retrieve all batches with valid batchname"]]>
              </value>
            </param>
            <param index="1">
              <value>
                <![CDATA["Programbatch_Postive"]]>
              </value>
            </param>
          </params>
          <exception class="java.lang.NullPointerException">
            <message>
              <![CDATA[Cannot invoke "io.restassured.response.Response.statusCode()" because "this.response" is null]]>
            </message>
            <full-stacktrace>
              <![CDATA[java.lang.NullPointerException: Cannot invoke "io.restassured.response.Response.statusCode()" because "this.response" is null
at stepdefinition.UserModuleShruti.admin_receives_ok_status_with_response_body(UserModuleShruti.java:105)
at ✽.Admin receives 200 OK Status with response body.(file:///Users/shruti/eclipse-workspace/Team1_APIPros_LMSAPI_RestAssured/src/test/resources/featurefiles/ProgramBatchModule.feature:52)
]]>
            </full-stacktrace>
          </exception> <!-- java.lang.NullPointerException -->
          <reporter-output>
          </reporter-output>
        </test-method> <!-- runScenario -->
        <test-method signature="runScenario(io.cucumber.testng.PickleWrapper,io.cucumber.testng.FeatureWrapper)[pri:0, instance:runner.TestRunner@5ffead27]" started-at="2024-04-01T16:22:31 CDT" name="runScenario" description="Runs Cucumber Scenarios" data-provider="scenarios" finished-at="2024-04-01T16:22:31 CDT" duration-ms="8" status="FAIL">
          <params>
            <param index="0">
              <value>
                <![CDATA["Check if Admin able to update  batches with valid batchid"]]>
              </value>
            </param>
            <param index="1">
              <value>
                <![CDATA["Programbatch_Postive"]]>
              </value>
            </param>
          </params>
          <exception class="java.lang.NullPointerException">
            <message>
              <![CDATA[Cannot invoke "io.restassured.response.Response.statusCode()" because "this.response" is null]]>
            </message>
            <full-stacktrace>
              <![CDATA[java.lang.NullPointerException: Cannot invoke "io.restassured.response.Response.statusCode()" because "this.response" is null
at stepdefinition.UserModuleShruti.admin_receives_ok_status_with_response_body(UserModuleShruti.java:105)
at ✽.Admin receives 200 OK Status with response body.(file:///Users/shruti/eclipse-workspace/Team1_APIPros_LMSAPI_RestAssured/src/test/resources/featurefiles/ProgramBatchModule.feature:57)
]]>
            </full-stacktrace>
          </exception> <!-- java.lang.NullPointerException -->
          <reporter-output>
          </reporter-output>
        </test-method> <!-- runScenario -->
        <test-method signature="runScenario(io.cucumber.testng.PickleWrapper,io.cucumber.testng.FeatureWrapper)[pri:0, instance:runner.TestRunner@5ffead27]" started-at="2024-04-01T16:22:31 CDT" name="runScenario" description="Runs Cucumber Scenarios" data-provider="scenarios" finished-at="2024-04-01T16:22:31 CDT" duration-ms="411" status="PASS">
          <params>
            <param index="0">
              <value>
                <![CDATA["Check if Admin able to generate token with valid credential"]]>
              </value>
            </param>
            <param index="1">
              <value>
                <![CDATA["User Login Post Request"]]>
              </value>
            </param>
          </params>
          <reporter-output>
          </reporter-output>
        </test-method> <!-- runScenario -->
        <test-method signature="runScenario(io.cucumber.testng.PickleWrapper,io.cucumber.testng.FeatureWrapper)[pri:0, instance:runner.TestRunner@5ffead27]" started-at="2024-04-01T16:22:31 CDT" name="runScenario" description="Runs Cucumber Scenarios" data-provider="scenarios" finished-at="2024-04-01T16:22:32 CDT" duration-ms="456" status="FAIL">
          <params>
            <param index="0">
              <value>
                <![CDATA["Check if admin is able to create a new Admin with valid endpoint and request body with mandatory fields-Post"]]>
              </value>
            </param>
            <param index="1">
              <value>
                <![CDATA["UserModule"]]>
              </value>
            </param>
          </params>
          <exception class="java.io.FileNotFoundException">
            <message>
              <![CDATA[./src/test/resources/TestData/UpdateUser.xlsx/CreateNewUser]]>
            </message>
            <full-stacktrace>
              <![CDATA[java.io.FileNotFoundException: ./src/test/resources/TestData/UpdateUser.xlsx/CreateNewUser
at org.apache.poi.ss.usermodel.WorkbookFactory.create(WorkbookFactory.java:302)
at org.apache.poi.ss.usermodel.WorkbookFactory.create(WorkbookFactory.java:277)
at org.apache.poi.ss.usermodel.WorkbookFactory.create(WorkbookFactory.java:255)
at stepdefinition.ExcelReader_Rest.getData(ExcelReader_Rest.java:21)
at payload.UserModulePayload.UserModulePostRequestBody(UserModulePayload.java:22)
at stepdefinition.UserModuleShruti.admin_sends_https_request_with_endpoint(UserModuleShruti.java:62)
at ✽.Admin sends HTTPS Request with endpoint(file:///Users/shruti/eclipse-workspace/Team1_APIPros_LMSAPI_RestAssured/src/test/resources/featurefiles/UserModule-Shruti.feature:10)
]]>
            </full-stacktrace>
          </exception> <!-- java.io.FileNotFoundException -->
          <reporter-output>
          </reporter-output>
        </test-method> <!-- runScenario -->
        <test-method signature="runScenario(io.cucumber.testng.PickleWrapper,io.cucumber.testng.FeatureWrapper)[pri:0, instance:runner.TestRunner@5ffead27]" started-at="2024-04-01T16:22:32 CDT" name="runScenario" description="Runs Cucumber Scenarios" data-provider="scenarios" finished-at="2024-04-01T16:22:34 CDT" duration-ms="2211" status="PASS">
          <params>
            <param index="0">
              <value>
                <![CDATA["Check if admin is able to retreive all the Users"]]>
              </value>
            </param>
            <param index="1">
              <value>
                <![CDATA["UserModule"]]>
              </value>
            </param>
          </params>
          <reporter-output>
          </reporter-output>
        </test-method> <!-- runScenario -->
        <test-method signature="runScenario(io.cucumber.testng.PickleWrapper,io.cucumber.testng.FeatureWrapper)[pri:0, instance:runner.TestRunner@5ffead27]" started-at="2024-04-01T16:22:34 CDT" name="runScenario" description="Runs Cucumber Scenarios" data-provider="scenarios" finished-at="2024-04-01T16:22:36 CDT" duration-ms="2158" status="PASS">
          <params>
            <param index="0">
              <value>
                <![CDATA["Check if admin is able to retreive all the available roles-Get all roles"]]>
              </value>
            </param>
            <param index="1">
              <value>
                <![CDATA["UserModule"]]>
              </value>
            </param>
          </params>
          <reporter-output>
          </reporter-output>
        </test-method> <!-- runScenario -->
        <test-method signature="runScenario(io.cucumber.testng.PickleWrapper,io.cucumber.testng.FeatureWrapper)[pri:0, instance:runner.TestRunner@5ffead27]" started-at="2024-04-01T16:22:36 CDT" name="runScenario" description="Runs Cucumber Scenarios" data-provider="scenarios" finished-at="2024-04-01T16:22:37 CDT" duration-ms="1066" status="PASS">
          <params>
            <param index="0">
              <value>
                <![CDATA["Check if admin able to retrieve User Information By User Id"]]>
              </value>
            </param>
            <param index="1">
              <value>
                <![CDATA["UserModule"]]>
              </value>
            </param>
          </params>
          <reporter-output>
          </reporter-output>
        </test-method> <!-- runScenario -->
        <test-method signature="runScenario(io.cucumber.testng.PickleWrapper,io.cucumber.testng.FeatureWrapper)[pri:0, instance:runner.TestRunner@5ffead27]" started-at="2024-04-01T16:22:37 CDT" name="runScenario" description="Runs Cucumber Scenarios" data-provider="scenarios" finished-at="2024-04-01T16:22:38 CDT" duration-ms="1131" status="PASS">
          <params>
            <param index="0">
              <value>
                <![CDATA["Check if admin able to retrieve all Admins with roles"]]>
              </value>
            </param>
            <param index="1">
              <value>
                <![CDATA["UserModule"]]>
              </value>
            </param>
          </params>
          <reporter-output>
          </reporter-output>
        </test-method> <!-- runScenario -->
        <test-method signature="runScenario(io.cucumber.testng.PickleWrapper,io.cucumber.testng.FeatureWrapper)[pri:0, instance:runner.TestRunner@5ffead27]" started-at="2024-04-01T16:22:38 CDT" name="runScenario" description="Runs Cucumber Scenarios" data-provider="scenarios" finished-at="2024-04-01T16:22:40 CDT" duration-ms="1145" status="PASS">
          <params>
            <param index="0">
              <value>
                <![CDATA["Check if admin is able to get count of active and inactive Admins - Get Count of all active and inactive admins"]]>
              </value>
            </param>
            <param index="1">
              <value>
                <![CDATA["UserModule"]]>
              </value>
            </param>
          </params>
          <reporter-output>
          </reporter-output>
        </test-method> <!-- runScenario -->
        <test-method signature="runScenario(io.cucumber.testng.PickleWrapper,io.cucumber.testng.FeatureWrapper)[pri:0, instance:runner.TestRunner@5ffead27]" started-at="2024-04-01T16:22:40 CDT" name="runScenario" description="Runs Cucumber Scenarios" data-provider="scenarios" finished-at="2024-04-01T16:22:41 CDT" duration-ms="1412" status="PASS">
          <params>
            <param index="0">
              <value>
                <![CDATA["Check if admin is able to get Get All Active Users"]]>
              </value>
            </param>
            <param index="1">
              <value>
                <![CDATA["UserModule"]]>
              </value>
            </param>
          </params>
          <reporter-output>
          </reporter-output>
        </test-method> <!-- runScenario -->
        <test-method signature="runScenario(io.cucumber.testng.PickleWrapper,io.cucumber.testng.FeatureWrapper)[pri:0, instance:runner.TestRunner@5ffead27]" started-at="2024-04-01T16:22:41 CDT" name="runScenario" description="Runs Cucumber Scenarios" data-provider="scenarios" finished-at="2024-04-01T16:22:42 CDT" duration-ms="1317" status="FAIL">
          <params>
            <param index="0">
              <value>
                <![CDATA["Check if admin is able to get the Admins by program batches for valid batch ID - Get Admins by Program batches"]]>
              </value>
            </param>
            <param index="1">
              <value>
                <![CDATA["UserModule"]]>
              </value>
            </param>
          </params>
          <exception class="java.lang.AssertionError">
            <message>
              <![CDATA[expected [200] but found [404]]]>
            </message>
            <full-stacktrace>
              <![CDATA[java.lang.AssertionError: expected [200] but found [404]
at org.testng.Assert.fail(Assert.java:111)
at org.testng.Assert.failNotEquals(Assert.java:1578)
at org.testng.Assert.assertEqualsImpl(Assert.java:150)
at org.testng.Assert.assertEquals(Assert.java:132)
at org.testng.Assert.assertEquals(Assert.java:1419)
at org.testng.Assert.assertEquals(Assert.java:1383)
at org.testng.Assert.assertEquals(Assert.java:1429)
at stepdefinition.UserModuleShruti.admin_receives_ok(UserModuleShruti.java:94)
at ✽.Admin receives 200 OK(file:///Users/shruti/eclipse-workspace/Team1_APIPros_LMSAPI_RestAssured/src/test/resources/featurefiles/UserModule-Shruti.feature:59)
]]>
            </full-stacktrace>
          </exception> <!-- java.lang.AssertionError -->
          <reporter-output>
          </reporter-output>
        </test-method> <!-- runScenario -->
        <test-method signature="runScenario(io.cucumber.testng.PickleWrapper,io.cucumber.testng.FeatureWrapper)[pri:0, instance:runner.TestRunner@5ffead27]" started-at="2024-04-01T16:22:42 CDT" name="runScenario" description="Runs Cucumber Scenarios" data-provider="scenarios" finished-at="2024-04-01T16:22:43 CDT" duration-ms="995" status="PASS">
          <params>
            <param index="0">
              <value>
                <![CDATA["Check if admin is able to get the Admins for valid program Id - Get Admin for program"]]>
              </value>
            </param>
            <param index="1">
              <value>
                <![CDATA["UserModule"]]>
              </value>
            </param>
          </params>
          <reporter-output>
          </reporter-output>
        </test-method> <!-- runScenario -->
        <test-method signature="runScenario(io.cucumber.testng.PickleWrapper,io.cucumber.testng.FeatureWrapper)[pri:0, instance:runner.TestRunner@5ffead27]" started-at="2024-04-01T16:22:43 CDT" name="runScenario" description="Runs Cucumber Scenarios" data-provider="scenarios" finished-at="2024-04-01T16:22:45 CDT" duration-ms="1755" status="PASS">
          <params>
            <param index="0">
              <value>
                <![CDATA["Check if admin is able to retreive Admins by valid role ID -Get Admin by role ID"]]>
              </value>
            </param>
            <param index="1">
              <value>
                <![CDATA["UserModule"]]>
              </value>
            </param>
          </params>
          <reporter-output>
          </reporter-output>
        </test-method> <!-- runScenario -->
        <test-method signature="runScenario(io.cucumber.testng.PickleWrapper,io.cucumber.testng.FeatureWrapper)[pri:0, instance:runner.TestRunner@5ffead27]" started-at="2024-04-01T16:22:45 CDT" name="runScenario" description="Runs Cucumber Scenarios" data-provider="scenarios" finished-at="2024-04-01T16:22:47 CDT" duration-ms="2132" status="PASS">
          <params>
            <param index="0">
              <value>
                <![CDATA["Check if admin is able to retrieve all Admins with filters - Get Admin with filters"]]>
              </value>
            </param>
            <param index="1">
              <value>
                <![CDATA["UserModule"]]>
              </value>
            </param>
          </params>
          <reporter-output>
          </reporter-output>
        </test-method> <!-- runScenario -->
        <test-method signature="runScenario(io.cucumber.testng.PickleWrapper,io.cucumber.testng.FeatureWrapper)[pri:0, instance:runner.TestRunner@5ffead27]" started-at="2024-04-01T16:22:47 CDT" name="runScenario" description="Runs Cucumber Scenarios" data-provider="scenarios" finished-at="2024-04-01T16:22:48 CDT" duration-ms="390" status="FAIL">
          <params>
            <param index="0">
              <value>
                <![CDATA["Check if admin is able to update Admin details with Admin id and mandatory fields- Update Admin info with adminId"]]>
              </value>
            </param>
            <param index="1">
              <value>
                <![CDATA["UserModule"]]>
              </value>
            </param>
          </params>
          <exception class="java.lang.NumberFormatException">
            <message>
              <![CDATA[For input string: "1112223334
"]]>
            </message>
            <full-stacktrace>
              <![CDATA[java.lang.NumberFormatException: For input string: "1112223334
"
at java.base/java.lang.NumberFormatException.forInputString(NumberFormatException.java:67)
at java.base/java.lang.Integer.parseInt(Integer.java:661)
at java.base/java.lang.Integer.parseInt(Integer.java:777)
at payload.UpdateUserPayload.admininfo(UpdateUserPayload.java:134)
at stepdefinition.UserModuleShruti.admin_creates_put_request_with_valid_data_in_request_body_to_update_user(UserModuleShruti.java:148)
at ✽.Admin creates PUT Request with valid data in request body to update user(file:///Users/shruti/eclipse-workspace/Team1_APIPros_LMSAPI_RestAssured/src/test/resources/featurefiles/UserModule-Shruti.feature:81)
]]>
            </full-stacktrace>
          </exception> <!-- java.lang.NumberFormatException -->
          <reporter-output>
          </reporter-output>
        </test-method> <!-- runScenario -->
        <test-method signature="runScenario(io.cucumber.testng.PickleWrapper,io.cucumber.testng.FeatureWrapper)[pri:0, instance:runner.TestRunner@5ffead27]" started-at="2024-04-01T16:22:48 CDT" name="runScenario" description="Runs Cucumber Scenarios" data-provider="scenarios" finished-at="2024-04-01T16:22:48 CDT" duration-ms="638" status="PASS">
          <params>
            <param index="0">
              <value>
                <![CDATA["Check if admin is able to update role status of a Admin with valid Admin id - update Admin role status by admin Id"]]>
              </value>
            </param>
            <param index="1">
              <value>
                <![CDATA["UserModule"]]>
              </value>
            </param>
          </params>
          <reporter-output>
          </reporter-output>
        </test-method> <!-- runScenario -->
        <test-method signature="runScenario(io.cucumber.testng.PickleWrapper,io.cucumber.testng.FeatureWrapper)[pri:0, instance:runner.TestRunner@5ffead27]" started-at="2024-04-01T16:22:48 CDT" name="runScenario" description="Runs Cucumber Scenarios" data-provider="scenarios" finished-at="2024-04-01T16:22:49 CDT" duration-ms="371" status="FAIL">
          <params>
            <param index="0">
              <value>
                <![CDATA["Check if admin is able to assign Admin to with program/batch by Admin Id - update admin role program batch status"]]>
              </value>
            </param>
            <param index="1">
              <value>
                <![CDATA["UserModule"]]>
              </value>
            </param>
          </params>
          <exception class="java.lang.NullPointerException">
            <message>
              <![CDATA[Cannot invoke "io.restassured.specification.RequestSpecification.when()" because "stepdefinition.UserModuleShruti.putreqspec" is null]]>
            </message>
            <full-stacktrace>
              <![CDATA[java.lang.NullPointerException: Cannot invoke "io.restassured.specification.RequestSpecification.when()" because "stepdefinition.UserModuleShruti.putreqspec" is null
at stepdefinition.UserModuleShruti.admin_sends_https_request_with_prgmbatchstatus_endpoint(UserModuleShruti.java:212)
at ✽.Admin sends HTTPS Request with Prgmbatchstatus endpoint(file:///Users/shruti/eclipse-workspace/Team1_APIPros_LMSAPI_RestAssured/src/test/resources/featurefiles/UserModule-Shruti.feature:94)
]]>
            </full-stacktrace>
          </exception> <!-- java.lang.NullPointerException -->
          <reporter-output>
          </reporter-output>
        </test-method> <!-- runScenario -->
        <test-method signature="runScenario(io.cucumber.testng.PickleWrapper,io.cucumber.testng.FeatureWrapper)[pri:0, instance:runner.TestRunner@5ffead27]" started-at="2024-04-01T16:22:49 CDT" name="runScenario" description="Runs Cucumber Scenarios" data-provider="scenarios" finished-at="2024-04-01T16:22:49 CDT" duration-ms="405" status="FAIL">
          <params>
            <param index="0">
              <value>
                <![CDATA["Check if admin is able to update role id of a Admin by valid Admin id -Update Admin roleID by admin id"]]>
              </value>
            </param>
            <param index="1">
              <value>
                <![CDATA["UserModule"]]>
              </value>
            </param>
          </params>
          <exception class="java.lang.IllegalArgumentException">
            <message>
              <![CDATA[body cannot be null]]>
            </message>
            <full-stacktrace>
              <![CDATA[java.lang.IllegalArgumentException: body cannot be null
at java.base/jdk.internal.reflect.DirectConstructorHandleAccessor.newInstance(DirectConstructorHandleAccessor.java:62)
at java.base/java.lang.reflect.Constructor.newInstanceWithCaller(Constructor.java:502)
at java.base/java.lang.reflect.Constructor.newInstance(Constructor.java:486)
at org.codehaus.groovy.reflection.CachedConstructor.invoke(CachedConstructor.java:73)
at org.codehaus.groovy.reflection.CachedConstructor.doConstructorInvoke(CachedConstructor.java:60)
at org.codehaus.groovy.runtime.callsite.ConstructorSite$ConstructorSiteNoUnwrap.callConstructor(ConstructorSite.java:86)
at org.codehaus.groovy.runtime.callsite.AbstractCallSite.callConstructor(AbstractCallSite.java:277)
at io.restassured.internal.common.assertion.AssertParameter.notNull(AssertParameter.groovy:26)
at io.restassured.internal.common.assertion.AssertParameter$notNull.callStatic(Unknown Source)
at org.codehaus.groovy.runtime.callsite.CallSiteArray.defaultCallStatic(CallSiteArray.java:53)
at io.restassured.internal.common.assertion.AssertParameter$notNull.callStatic(Unknown Source)
at io.restassured.internal.RequestSpecificationImpl.body(RequestSpecificationImpl.groovy:698)
at stepdefinition.UserModuleShruti.the_admin_creates_put_request_with_valid_request_body(UserModuleShruti.java:188)
at ✽.The Admin creates PUT Request with valid request body(file:///Users/shruti/eclipse-workspace/Team1_APIPros_LMSAPI_RestAssured/src/test/resources/featurefiles/UserModule-Shruti.feature:99)
]]>
            </full-stacktrace>
          </exception> <!-- java.lang.IllegalArgumentException -->
          <reporter-output>
          </reporter-output>
        </test-method> <!-- runScenario -->
        <test-method signature="runScenario(io.cucumber.testng.PickleWrapper,io.cucumber.testng.FeatureWrapper)[pri:0, instance:runner.TestRunner@5ffead27]" started-at="2024-04-01T16:22:49 CDT" name="runScenario" description="Runs Cucumber Scenarios" data-provider="scenarios" finished-at="2024-04-01T16:22:49 CDT" duration-ms="428" status="FAIL">
          <params>
            <param index="0">
              <value>
                <![CDATA["Check if admin is able to update the Admin login status by Admin ID"]]>
              </value>
            </param>
            <param index="1">
              <value>
                <![CDATA["UserModule"]]>
              </value>
            </param>
          </params>
          <exception class="java.lang.IllegalArgumentException">
            <message>
              <![CDATA[body cannot be null]]>
            </message>
            <full-stacktrace>
              <![CDATA[java.lang.IllegalArgumentException: body cannot be null
at java.base/jdk.internal.reflect.DirectConstructorHandleAccessor.newInstance(DirectConstructorHandleAccessor.java:62)
at java.base/java.lang.reflect.Constructor.newInstanceWithCaller(Constructor.java:502)
at java.base/java.lang.reflect.Constructor.newInstance(Constructor.java:486)
at org.codehaus.groovy.reflection.CachedConstructor.invoke(CachedConstructor.java:73)
at org.codehaus.groovy.reflection.CachedConstructor.doConstructorInvoke(CachedConstructor.java:60)
at org.codehaus.groovy.runtime.callsite.ConstructorSite$ConstructorSiteNoUnwrap.callConstructor(ConstructorSite.java:86)
at org.codehaus.groovy.runtime.callsite.AbstractCallSite.callConstructor(AbstractCallSite.java:277)
at io.restassured.internal.common.assertion.AssertParameter.notNull(AssertParameter.groovy:26)
at io.restassured.internal.common.assertion.AssertParameter$notNull.callStatic(Unknown Source)
at org.codehaus.groovy.runtime.callsite.CallSiteArray.defaultCallStatic(CallSiteArray.java:53)
at io.restassured.internal.common.assertion.AssertParameter$notNull.callStatic(Unknown Source)
at io.restassured.internal.RequestSpecificationImpl.body(RequestSpecificationImpl.groovy:698)
at payload.UserModuleUpdateUserLoginStatusPayload.UserModulePutRequestBody(UserModuleUpdateUserLoginStatusPayload.java:42)
at stepdefinition.UserModuleShruti.admin_sends_put_request_with_endpoint(UserModuleShruti.java:234)
at ✽.Admin sends PUT Request with endpoint(file:///Users/shruti/eclipse-workspace/Team1_APIPros_LMSAPI_RestAssured/src/test/resources/featurefiles/UserModule-Shruti.feature:106)
]]>
            </full-stacktrace>
          </exception> <!-- java.lang.IllegalArgumentException -->
          <reporter-output>
          </reporter-output>
        </test-method> <!-- runScenario -->
        <test-method signature="runScenario(io.cucumber.testng.PickleWrapper,io.cucumber.testng.FeatureWrapper)[pri:0, instance:runner.TestRunner@5ffead27]" started-at="2024-04-01T16:22:49 CDT" name="runScenario" description="Runs Cucumber Scenarios" data-provider="scenarios" finished-at="2024-04-01T16:22:50 CDT" duration-ms="388" status="FAIL">
          <params>
            <param index="0">
              <value>
                <![CDATA["Check if admin is able to retreive all Admins with assigned program batches"]]>
              </value>
            </param>
            <param index="1">
              <value>
                <![CDATA["UserRoleProgramBatchMapController"]]>
              </value>
            </param>
          </params>
          <exception class="java.lang.NullPointerException">
            <message>
              <![CDATA[Cannot invoke "io.restassured.response.Response.statusCode()" because "this.response" is null]]>
            </message>
            <full-stacktrace>
              <![CDATA[java.lang.NullPointerException: Cannot invoke "io.restassured.response.Response.statusCode()" because "this.response" is null
at stepdefinition.UserModuleShruti.admin_receives_ok(UserModuleShruti.java:94)
at ✽.Admin receives 200 OK(file:///Users/shruti/eclipse-workspace/Team1_APIPros_LMSAPI_RestAssured/src/test/resources/featurefiles/UserRoleProgramBatchMapController.feature:10)
]]>
            </full-stacktrace>
          </exception> <!-- java.lang.NullPointerException -->
          <reporter-output>
          </reporter-output>
        </test-method> <!-- runScenario -->
        <test-method signature="runScenario(io.cucumber.testng.PickleWrapper,io.cucumber.testng.FeatureWrapper)[pri:0, instance:runner.TestRunner@5ffead27]" started-at="2024-04-01T16:22:50 CDT" name="runScenario" description="Runs Cucumber Scenarios" data-provider="scenarios" finished-at="2024-04-01T16:22:50 CDT" duration-ms="405" status="FAIL">
          <params>
            <param index="0">
              <value>
                <![CDATA["Check if admin is able to retreive assigned program batches for valid AdminId"]]>
              </value>
            </param>
            <param index="1">
              <value>
                <![CDATA["UserRoleProgramBatchMapController"]]>
              </value>
            </param>
          </params>
          <exception class="java.lang.NullPointerException">
            <message>
              <![CDATA[Cannot invoke "io.restassured.response.Response.statusCode()" because "this.response" is null]]>
            </message>
            <full-stacktrace>
              <![CDATA[java.lang.NullPointerException: Cannot invoke "io.restassured.response.Response.statusCode()" because "this.response" is null
at stepdefinition.UserModuleShruti.admin_receives_ok(UserModuleShruti.java:94)
at ✽.Admin receives 200 OK(file:///Users/shruti/eclipse-workspace/Team1_APIPros_LMSAPI_RestAssured/src/test/resources/featurefiles/UserRoleProgramBatchMapController.feature:17)
]]>
            </full-stacktrace>
          </exception> <!-- java.lang.NullPointerException -->
          <reporter-output>
          </reporter-output>
        </test-method> <!-- runScenario -->
        <test-method signature="runScenario(io.cucumber.testng.PickleWrapper,io.cucumber.testng.FeatureWrapper)[pri:0, instance:runner.TestRunner@5ffead27]" started-at="2024-04-01T16:22:50 CDT" name="runScenario" description="Runs Cucumber Scenarios" data-provider="scenarios" finished-at="2024-04-01T16:22:50 CDT" duration-ms="9" status="FAIL">
          <params>
            <param index="0">
              <value>
                <![CDATA["Check if admin is able to delete the program batch for a Admin"]]>
              </value>
            </param>
            <param index="1">
              <value>
                <![CDATA["UserRoleProgramBatchMapController"]]>
              </value>
            </param>
          </params>
          <exception class="java.lang.NullPointerException">
            <message>
              <![CDATA[Cannot invoke "io.restassured.response.Response.statusCode()" because "this.response" is null]]>
            </message>
            <full-stacktrace>
              <![CDATA[java.lang.NullPointerException: Cannot invoke "io.restassured.response.Response.statusCode()" because "this.response" is null
at stepdefinition.UserModuleShruti.admin_receives_ok(UserModuleShruti.java:94)
at ✽.Admin receives 200 OK(file:///Users/shruti/eclipse-workspace/Team1_APIPros_LMSAPI_RestAssured/src/test/resources/featurefiles/UserRoleProgramBatchMapController.feature:24)
]]>
            </full-stacktrace>
          </exception> <!-- java.lang.NullPointerException -->
          <reporter-output>
          </reporter-output>
        </test-method> <!-- runScenario -->
        <test-method is-config="true" signature="tearDownClass()[pri:0, instance:runner.TestRunner@5ffead27]" started-at="2024-04-01T16:22:50 CDT" name="tearDownClass" finished-at="2024-04-01T16:22:58 CDT" duration-ms="8105" status="PASS">
          <reporter-output>
          </reporter-output>
        </test-method> <!-- tearDownClass -->
      </class> <!-- runner.TestRunner -->
    </test> <!-- Default test -->
  </suite> <!-- Default suite -->
</testng-results>
